state 0 //

    0 $accept: . any_command
    1 any_command: .  [$end, ASSERT, DEBUG, END, HTTP, MUST, SET, SHOULD]

    $end    reduce using rule 1 (any_command)
    ASSERT  reduce using rule 1 (any_command)
    DEBUG   reduce using rule 1 (any_command)
    END     reduce using rule 1 (any_command)
    HTTP    reduce using rule 1 (any_command)
    MUST    reduce using rule 1 (any_command)
    SET     reduce using rule 1 (any_command)
    SHOULD  reduce using rule 1 (any_command)

    any_command  goto state 1

state 1 // [$end]

    0 $accept: any_command .  [$end]
    2 any_command: any_command . command_with_condition_opt

    $end    accept
    ASSERT  shift, and goto state 13
    DEBUG   shift, and goto state 11
    END     shift, and goto state 12
    HTTP    shift, and goto state 17
    MUST    shift, and goto state 14
    SET     shift, and goto state 16
    SHOULD  shift, and goto state 15

    assert_command              goto state 8
    command                     goto state 3
    command_with_condition_opt  goto state 2
    debug_command               goto state 6
    end_command                 goto state 7
    http_command                goto state 5
    must_command                goto state 9
    set_command                 goto state 4
    should_command              goto state 10

state 2 // END [$end]

    2 any_command: any_command command_with_condition_opt .  [$end, ASSERT, DEBUG, END, HTTP, MUST, SET, SHOULD]

    $end    reduce using rule 2 (any_command)
    ASSERT  reduce using rule 2 (any_command)
    DEBUG   reduce using rule 2 (any_command)
    END     reduce using rule 2 (any_command)
    HTTP    reduce using rule 2 (any_command)
    MUST    reduce using rule 2 (any_command)
    SET     reduce using rule 2 (any_command)
    SHOULD  reduce using rule 2 (any_command)

state 3 // END [$end]

    3 command_with_condition_opt: command . INTO variable WHEN boolean_exp
    4 command_with_condition_opt: command . INTO variable
    5 command_with_condition_opt: command . WHEN boolean_exp
    6 command_with_condition_opt: command .  [$end, ASSERT, DEBUG, END, HTTP, MUST, SET, SHOULD]

    $end    reduce using rule 6 (command_with_condition_opt)
    ASSERT  reduce using rule 6 (command_with_condition_opt)
    DEBUG   reduce using rule 6 (command_with_condition_opt)
    END     reduce using rule 6 (command_with_condition_opt)
    HTTP    reduce using rule 6 (command_with_condition_opt)
    INTO    shift, and goto state 108
    MUST    reduce using rule 6 (command_with_condition_opt)
    SET     reduce using rule 6 (command_with_condition_opt)
    SHOULD  reduce using rule 6 (command_with_condition_opt)
    WHEN    shift, and goto state 109

state 4 // SET '$' IDENTIFIER FALSE [$end]

    7 command: set_command .  [$end, ASSERT, DEBUG, END, HTTP, INTO, MUST, SET, SHOULD, WHEN]

    $end    reduce using rule 7 (command)
    ASSERT  reduce using rule 7 (command)
    DEBUG   reduce using rule 7 (command)
    END     reduce using rule 7 (command)
    HTTP    reduce using rule 7 (command)
    INTO    reduce using rule 7 (command)
    MUST    reduce using rule 7 (command)
    SET     reduce using rule 7 (command)
    SHOULD  reduce using rule 7 (command)
    WHEN    reduce using rule 7 (command)

state 5 // HTTP CONNECT FLOAT [$end]

    8 command: http_command .  [$end, ASSERT, DEBUG, END, HTTP, INTO, MUST, SET, SHOULD, WHEN]

    $end    reduce using rule 8 (command)
    ASSERT  reduce using rule 8 (command)
    DEBUG   reduce using rule 8 (command)
    END     reduce using rule 8 (command)
    HTTP    reduce using rule 8 (command)
    INTO    reduce using rule 8 (command)
    MUST    reduce using rule 8 (command)
    SET     reduce using rule 8 (command)
    SHOULD  reduce using rule 8 (command)
    WHEN    reduce using rule 8 (command)

state 6 // DEBUG FLOAT [$end]

    9 command: debug_command .  [$end, ASSERT, DEBUG, END, HTTP, INTO, MUST, SET, SHOULD, WHEN]

    $end    reduce using rule 9 (command)
    ASSERT  reduce using rule 9 (command)
    DEBUG   reduce using rule 9 (command)
    END     reduce using rule 9 (command)
    HTTP    reduce using rule 9 (command)
    INTO    reduce using rule 9 (command)
    MUST    reduce using rule 9 (command)
    SET     reduce using rule 9 (command)
    SHOULD  reduce using rule 9 (command)
    WHEN    reduce using rule 9 (command)

state 7 // END [$end]

   10 command: end_command .  [$end, ASSERT, DEBUG, END, HTTP, INTO, MUST, SET, SHOULD, WHEN]

    $end    reduce using rule 10 (command)
    ASSERT  reduce using rule 10 (command)
    DEBUG   reduce using rule 10 (command)
    END     reduce using rule 10 (command)
    HTTP    reduce using rule 10 (command)
    INTO    reduce using rule 10 (command)
    MUST    reduce using rule 10 (command)
    SET     reduce using rule 10 (command)
    SHOULD  reduce using rule 10 (command)
    WHEN    reduce using rule 10 (command)

state 8 // ASSERT FALSE [$end]

   11 command: assert_command .  [$end, ASSERT, DEBUG, END, HTTP, INTO, MUST, SET, SHOULD, WHEN]

    $end    reduce using rule 11 (command)
    ASSERT  reduce using rule 11 (command)
    DEBUG   reduce using rule 11 (command)
    END     reduce using rule 11 (command)
    HTTP    reduce using rule 11 (command)
    INTO    reduce using rule 11 (command)
    MUST    reduce using rule 11 (command)
    SET     reduce using rule 11 (command)
    SHOULD  reduce using rule 11 (command)
    WHEN    reduce using rule 11 (command)

state 9 // MUST FALSE [$end]

   12 command: must_command .  [$end, ASSERT, DEBUG, END, HTTP, INTO, MUST, SET, SHOULD, WHEN]

    $end    reduce using rule 12 (command)
    ASSERT  reduce using rule 12 (command)
    DEBUG   reduce using rule 12 (command)
    END     reduce using rule 12 (command)
    HTTP    reduce using rule 12 (command)
    INTO    reduce using rule 12 (command)
    MUST    reduce using rule 12 (command)
    SET     reduce using rule 12 (command)
    SHOULD  reduce using rule 12 (command)
    WHEN    reduce using rule 12 (command)

state 10 // SHOULD FALSE [$end]

   13 command: should_command .  [$end, ASSERT, DEBUG, END, HTTP, INTO, MUST, SET, SHOULD, WHEN]

    $end    reduce using rule 13 (command)
    ASSERT  reduce using rule 13 (command)
    DEBUG   reduce using rule 13 (command)
    END     reduce using rule 13 (command)
    HTTP    reduce using rule 13 (command)
    INTO    reduce using rule 13 (command)
    MUST    reduce using rule 13 (command)
    SET     reduce using rule 13 (command)
    SHOULD  reduce using rule 13 (command)
    WHEN    reduce using rule 13 (command)

state 11 // DEBUG

   14 debug_command: DEBUG . multi_any_value

    '$'      shift, and goto state 33
    '{'      shift, and goto state 32
    FLOAT    shift, and goto state 35
    INTEGER  shift, and goto state 34
    STRING   shift, and goto state 29

    any_value        goto state 106
    multi_any_value  goto state 105
    number           goto state 31
    variable         goto state 30

state 12 // END

   15 end_command: END . WHEN boolean_exp
   16 end_command: END . boolean_exp
   17 end_command: END .  [$end, ASSERT, DEBUG, END, HTTP, INTO, MUST, SET, SHOULD, WHEN]

    $end     reduce using rule 17 (end_command)
    '$'      shift, and goto state 33
    '('      shift, and goto state 52
    '{'      shift, and goto state 32
    ASSERT   reduce using rule 17 (end_command)
    DEBUG    reduce using rule 17 (end_command)
    END      reduce using rule 17 (end_command)
    FALSE    shift, and goto state 56
    FLOAT    shift, and goto state 35
    HTTP     reduce using rule 17 (end_command)
    INTEGER  shift, and goto state 34
    INTO     reduce using rule 17 (end_command)
    MUST     reduce using rule 17 (end_command)
    SET      reduce using rule 17 (end_command)
    SHOULD   reduce using rule 17 (end_command)
    STRING   shift, and goto state 29
    TRUE     shift, and goto state 55
    WHEN     shift, and goto state 102

    any_value    goto state 53
    boolean_exp  goto state 103
    expr         goto state 96
    expr_opr     goto state 54
    number       goto state 31
    true_false   goto state 51
    variable     goto state 30

    conflict on WHEN, shift, and goto state 102, reduce using rule 17

state 13 // ASSERT

   18 assert_command: ASSERT . boolean_exp

    '$'      shift, and goto state 33
    '('      shift, and goto state 52
    '{'      shift, and goto state 32
    FALSE    shift, and goto state 56
    FLOAT    shift, and goto state 35
    INTEGER  shift, and goto state 34
    STRING   shift, and goto state 29
    TRUE     shift, and goto state 55

    any_value    goto state 53
    boolean_exp  goto state 101
    expr         goto state 96
    expr_opr     goto state 54
    number       goto state 31
    true_false   goto state 51
    variable     goto state 30

state 14 // MUST

   19 must_command: MUST . boolean_exp

    '$'      shift, and goto state 33
    '('      shift, and goto state 52
    '{'      shift, and goto state 32
    FALSE    shift, and goto state 56
    FLOAT    shift, and goto state 35
    INTEGER  shift, and goto state 34
    STRING   shift, and goto state 29
    TRUE     shift, and goto state 55

    any_value    goto state 53
    boolean_exp  goto state 100
    expr         goto state 96
    expr_opr     goto state 54
    number       goto state 31
    true_false   goto state 51
    variable     goto state 30

state 15 // SHOULD

   20 should_command: SHOULD . boolean_exp

    '$'      shift, and goto state 33
    '('      shift, and goto state 52
    '{'      shift, and goto state 32
    FALSE    shift, and goto state 56
    FLOAT    shift, and goto state 35
    INTEGER  shift, and goto state 34
    STRING   shift, and goto state 29
    TRUE     shift, and goto state 55

    any_value    goto state 53
    boolean_exp  goto state 99
    expr         goto state 96
    expr_opr     goto state 54
    number       goto state 31
    true_false   goto state 51
    variable     goto state 30

state 16 // SET

   21 set_command: SET . variable expr
   22 set_command: SET . variable boolean_exp

    '$'  shift, and goto state 33
    '{'  shift, and goto state 32

    variable  goto state 48

state 17 // HTTP

   23 http_command: HTTP . http_method any_value http_command_params
   24 http_command: HTTP . http_method any_value

    CONNECT  shift, and goto state 24
    DELETE   shift, and goto state 23
    GET      shift, and goto state 19
    HEAD     shift, and goto state 20
    OPTIONS  shift, and goto state 25
    PATCH    shift, and goto state 27
    POST     shift, and goto state 21
    PUT      shift, and goto state 22
    TRACE    shift, and goto state 26

    http_method  goto state 18

state 18 // HTTP CONNECT ['$']

   23 http_command: HTTP http_method . any_value http_command_params
   24 http_command: HTTP http_method . any_value

    '$'      shift, and goto state 33
    '{'      shift, and goto state 32
    FLOAT    shift, and goto state 35
    INTEGER  shift, and goto state 34
    STRING   shift, and goto state 29

    any_value  goto state 28
    number     goto state 31
    variable   goto state 30

state 19 // HTTP GET

   29 http_method: GET .  ['$', '{', FLOAT, INTEGER, STRING]

    '$'      reduce using rule 29 (http_method)
    '{'      reduce using rule 29 (http_method)
    FLOAT    reduce using rule 29 (http_method)
    INTEGER  reduce using rule 29 (http_method)
    STRING   reduce using rule 29 (http_method)

state 20 // HTTP HEAD

   30 http_method: HEAD .  ['$', '{', FLOAT, INTEGER, STRING]

    '$'      reduce using rule 30 (http_method)
    '{'      reduce using rule 30 (http_method)
    FLOAT    reduce using rule 30 (http_method)
    INTEGER  reduce using rule 30 (http_method)
    STRING   reduce using rule 30 (http_method)

state 21 // HTTP POST

   31 http_method: POST .  ['$', '{', FLOAT, INTEGER, STRING]

    '$'      reduce using rule 31 (http_method)
    '{'      reduce using rule 31 (http_method)
    FLOAT    reduce using rule 31 (http_method)
    INTEGER  reduce using rule 31 (http_method)
    STRING   reduce using rule 31 (http_method)

state 22 // HTTP PUT

   32 http_method: PUT .  ['$', '{', FLOAT, INTEGER, STRING]

    '$'      reduce using rule 32 (http_method)
    '{'      reduce using rule 32 (http_method)
    FLOAT    reduce using rule 32 (http_method)
    INTEGER  reduce using rule 32 (http_method)
    STRING   reduce using rule 32 (http_method)

state 23 // HTTP DELETE

   33 http_method: DELETE .  ['$', '{', FLOAT, INTEGER, STRING]

    '$'      reduce using rule 33 (http_method)
    '{'      reduce using rule 33 (http_method)
    FLOAT    reduce using rule 33 (http_method)
    INTEGER  reduce using rule 33 (http_method)
    STRING   reduce using rule 33 (http_method)

state 24 // HTTP CONNECT

   34 http_method: CONNECT .  ['$', '{', FLOAT, INTEGER, STRING]

    '$'      reduce using rule 34 (http_method)
    '{'      reduce using rule 34 (http_method)
    FLOAT    reduce using rule 34 (http_method)
    INTEGER  reduce using rule 34 (http_method)
    STRING   reduce using rule 34 (http_method)

state 25 // HTTP OPTIONS

   35 http_method: OPTIONS .  ['$', '{', FLOAT, INTEGER, STRING]

    '$'      reduce using rule 35 (http_method)
    '{'      reduce using rule 35 (http_method)
    FLOAT    reduce using rule 35 (http_method)
    INTEGER  reduce using rule 35 (http_method)
    STRING   reduce using rule 35 (http_method)

state 26 // HTTP TRACE

   36 http_method: TRACE .  ['$', '{', FLOAT, INTEGER, STRING]

    '$'      reduce using rule 36 (http_method)
    '{'      reduce using rule 36 (http_method)
    FLOAT    reduce using rule 36 (http_method)
    INTEGER  reduce using rule 36 (http_method)
    STRING   reduce using rule 36 (http_method)

state 27 // HTTP PATCH

   37 http_method: PATCH .  ['$', '{', FLOAT, INTEGER, STRING]

    '$'      reduce using rule 37 (http_method)
    '{'      reduce using rule 37 (http_method)
    FLOAT    reduce using rule 37 (http_method)
    INTEGER  reduce using rule 37 (http_method)
    STRING   reduce using rule 37 (http_method)

state 28 // HTTP CONNECT FLOAT [$end]

   23 http_command: HTTP http_method any_value . http_command_params
   24 http_command: HTTP http_method any_value .  [$end, ASSERT, DEBUG, END, HTTP, INTO, MUST, SET, SHOULD, WHEN]

    $end    reduce using rule 24 (http_command)
    ASSERT  reduce using rule 24 (http_command)
    BODY    shift, and goto state 44
    DEBUG   reduce using rule 24 (http_command)
    END     reduce using rule 24 (http_command)
    HEADER  shift, and goto state 43
    HTTP    reduce using rule 24 (http_command)
    INTO    reduce using rule 24 (http_command)
    MUST    reduce using rule 24 (http_command)
    SET     reduce using rule 24 (http_command)
    SHOULD  reduce using rule 24 (http_command)
    WHEN    reduce using rule 24 (http_command)

    http_command_param   goto state 42
    http_command_params  goto state 41

state 29 // END STRING

   40 any_value: STRING .  [$end, '$', '%', ')', '*', '+', '-', '/', '{', AND, ASSERT, BODY, CONTAIN, CONTAINS, DEBUG, END, EQUAL, EQUALS, FLOAT, GE, GT, HEADER, HTTP, INTEGER, INTO, LE, LT, MATCH, MATCHES, MUST, NOTEQUAL, NOTEQUALS, OR, SET, SHOULD, STARTSWITH, STRING, WHEN]

    $end        reduce using rule 40 (any_value)
    '$'         reduce using rule 40 (any_value)
    '%'         reduce using rule 40 (any_value)
    ')'         reduce using rule 40 (any_value)
    '*'         reduce using rule 40 (any_value)
    '+'         reduce using rule 40 (any_value)
    '-'         reduce using rule 40 (any_value)
    '/'         reduce using rule 40 (any_value)
    '{'         reduce using rule 40 (any_value)
    AND         reduce using rule 40 (any_value)
    ASSERT      reduce using rule 40 (any_value)
    BODY        reduce using rule 40 (any_value)
    CONTAIN     reduce using rule 40 (any_value)
    CONTAINS    reduce using rule 40 (any_value)
    DEBUG       reduce using rule 40 (any_value)
    END         reduce using rule 40 (any_value)
    EQUAL       reduce using rule 40 (any_value)
    EQUALS      reduce using rule 40 (any_value)
    FLOAT       reduce using rule 40 (any_value)
    GE          reduce using rule 40 (any_value)
    GT          reduce using rule 40 (any_value)
    HEADER      reduce using rule 40 (any_value)
    HTTP        reduce using rule 40 (any_value)
    INTEGER     reduce using rule 40 (any_value)
    INTO        reduce using rule 40 (any_value)
    LE          reduce using rule 40 (any_value)
    LT          reduce using rule 40 (any_value)
    MATCH       reduce using rule 40 (any_value)
    MATCHES     reduce using rule 40 (any_value)
    MUST        reduce using rule 40 (any_value)
    NOTEQUAL    reduce using rule 40 (any_value)
    NOTEQUALS   reduce using rule 40 (any_value)
    OR          reduce using rule 40 (any_value)
    SET         reduce using rule 40 (any_value)
    SHOULD      reduce using rule 40 (any_value)
    STARTSWITH  reduce using rule 40 (any_value)
    STRING      reduce using rule 40 (any_value)
    WHEN        reduce using rule 40 (any_value)

state 30 // MUST '$' IDENTIFIER [$end]

   41 any_value: variable .  [$end, '$', '%', ')', '*', '+', '-', '/', '{', AND, ASSERT, BODY, CONTAIN, CONTAINS, DEBUG, END, EQUAL, EQUALS, FLOAT, GE, GT, HEADER, HTTP, INTEGER, INTO, LE, LT, MATCH, MATCHES, MUST, NOTEQUAL, NOTEQUALS, OR, SET, SHOULD, STARTSWITH, STRING, WHEN]

    $end        reduce using rule 41 (any_value)
    '$'         reduce using rule 41 (any_value)
    '%'         reduce using rule 41 (any_value)
    ')'         reduce using rule 41 (any_value)
    '*'         reduce using rule 41 (any_value)
    '+'         reduce using rule 41 (any_value)
    '-'         reduce using rule 41 (any_value)
    '/'         reduce using rule 41 (any_value)
    '{'         reduce using rule 41 (any_value)
    AND         reduce using rule 41 (any_value)
    ASSERT      reduce using rule 41 (any_value)
    BODY        reduce using rule 41 (any_value)
    CONTAIN     reduce using rule 41 (any_value)
    CONTAINS    reduce using rule 41 (any_value)
    DEBUG       reduce using rule 41 (any_value)
    END         reduce using rule 41 (any_value)
    EQUAL       reduce using rule 41 (any_value)
    EQUALS      reduce using rule 41 (any_value)
    FLOAT       reduce using rule 41 (any_value)
    GE          reduce using rule 41 (any_value)
    GT          reduce using rule 41 (any_value)
    HEADER      reduce using rule 41 (any_value)
    HTTP        reduce using rule 41 (any_value)
    INTEGER     reduce using rule 41 (any_value)
    INTO        reduce using rule 41 (any_value)
    LE          reduce using rule 41 (any_value)
    LT          reduce using rule 41 (any_value)
    MATCH       reduce using rule 41 (any_value)
    MATCHES     reduce using rule 41 (any_value)
    MUST        reduce using rule 41 (any_value)
    NOTEQUAL    reduce using rule 41 (any_value)
    NOTEQUALS   reduce using rule 41 (any_value)
    OR          reduce using rule 41 (any_value)
    SET         reduce using rule 41 (any_value)
    SHOULD      reduce using rule 41 (any_value)
    STARTSWITH  reduce using rule 41 (any_value)
    STRING      reduce using rule 41 (any_value)
    WHEN        reduce using rule 41 (any_value)

state 31 // DEBUG FLOAT [$end]

   42 any_value: number .  [$end, '$', '%', ')', '*', '+', '-', '/', '{', AND, ASSERT, BODY, CONTAIN, CONTAINS, DEBUG, END, EQUAL, EQUALS, FLOAT, GE, GT, HEADER, HTTP, INTEGER, INTO, LE, LT, MATCH, MATCHES, MUST, NOTEQUAL, NOTEQUALS, OR, SET, SHOULD, STARTSWITH, STRING, WHEN]

    $end        reduce using rule 42 (any_value)
    '$'         reduce using rule 42 (any_value)
    '%'         reduce using rule 42 (any_value)
    ')'         reduce using rule 42 (any_value)
    '*'         reduce using rule 42 (any_value)
    '+'         reduce using rule 42 (any_value)
    '-'         reduce using rule 42 (any_value)
    '/'         reduce using rule 42 (any_value)
    '{'         reduce using rule 42 (any_value)
    AND         reduce using rule 42 (any_value)
    ASSERT      reduce using rule 42 (any_value)
    BODY        reduce using rule 42 (any_value)
    CONTAIN     reduce using rule 42 (any_value)
    CONTAINS    reduce using rule 42 (any_value)
    DEBUG       reduce using rule 42 (any_value)
    END         reduce using rule 42 (any_value)
    EQUAL       reduce using rule 42 (any_value)
    EQUALS      reduce using rule 42 (any_value)
    FLOAT       reduce using rule 42 (any_value)
    GE          reduce using rule 42 (any_value)
    GT          reduce using rule 42 (any_value)
    HEADER      reduce using rule 42 (any_value)
    HTTP        reduce using rule 42 (any_value)
    INTEGER     reduce using rule 42 (any_value)
    INTO        reduce using rule 42 (any_value)
    LE          reduce using rule 42 (any_value)
    LT          reduce using rule 42 (any_value)
    MATCH       reduce using rule 42 (any_value)
    MATCHES     reduce using rule 42 (any_value)
    MUST        reduce using rule 42 (any_value)
    NOTEQUAL    reduce using rule 42 (any_value)
    NOTEQUALS   reduce using rule 42 (any_value)
    OR          reduce using rule 42 (any_value)
    SET         reduce using rule 42 (any_value)
    SHOULD      reduce using rule 42 (any_value)
    STARTSWITH  reduce using rule 42 (any_value)
    STRING      reduce using rule 42 (any_value)
    WHEN        reduce using rule 42 (any_value)

state 32 // DEBUG '{'

   43 variable: '{' . '{' IDENTIFIER '}' '}'

    '{'  shift, and goto state 37

state 33 // MUST '$'

   44 variable: '$' . IDENTIFIER

    IDENTIFIER  shift, and goto state 36

state 34 // END INTEGER

   77 number: INTEGER .  [$end, '$', '%', ')', '*', '+', '-', '/', '{', AND, ASSERT, BODY, CONTAIN, CONTAINS, DEBUG, END, EQUAL, EQUALS, FLOAT, GE, GT, HEADER, HTTP, INTEGER, INTO, LE, LT, MATCH, MATCHES, MUST, NOTEQUAL, NOTEQUALS, OR, SET, SHOULD, STARTSWITH, STRING, WHEN]

    $end        reduce using rule 77 (number)
    '$'         reduce using rule 77 (number)
    '%'         reduce using rule 77 (number)
    ')'         reduce using rule 77 (number)
    '*'         reduce using rule 77 (number)
    '+'         reduce using rule 77 (number)
    '-'         reduce using rule 77 (number)
    '/'         reduce using rule 77 (number)
    '{'         reduce using rule 77 (number)
    AND         reduce using rule 77 (number)
    ASSERT      reduce using rule 77 (number)
    BODY        reduce using rule 77 (number)
    CONTAIN     reduce using rule 77 (number)
    CONTAINS    reduce using rule 77 (number)
    DEBUG       reduce using rule 77 (number)
    END         reduce using rule 77 (number)
    EQUAL       reduce using rule 77 (number)
    EQUALS      reduce using rule 77 (number)
    FLOAT       reduce using rule 77 (number)
    GE          reduce using rule 77 (number)
    GT          reduce using rule 77 (number)
    HEADER      reduce using rule 77 (number)
    HTTP        reduce using rule 77 (number)
    INTEGER     reduce using rule 77 (number)
    INTO        reduce using rule 77 (number)
    LE          reduce using rule 77 (number)
    LT          reduce using rule 77 (number)
    MATCH       reduce using rule 77 (number)
    MATCHES     reduce using rule 77 (number)
    MUST        reduce using rule 77 (number)
    NOTEQUAL    reduce using rule 77 (number)
    NOTEQUALS   reduce using rule 77 (number)
    OR          reduce using rule 77 (number)
    SET         reduce using rule 77 (number)
    SHOULD      reduce using rule 77 (number)
    STARTSWITH  reduce using rule 77 (number)
    STRING      reduce using rule 77 (number)
    WHEN        reduce using rule 77 (number)

state 35 // END FLOAT

   78 number: FLOAT .  [$end, '$', '%', ')', '*', '+', '-', '/', '{', AND, ASSERT, BODY, CONTAIN, CONTAINS, DEBUG, END, EQUAL, EQUALS, FLOAT, GE, GT, HEADER, HTTP, INTEGER, INTO, LE, LT, MATCH, MATCHES, MUST, NOTEQUAL, NOTEQUALS, OR, SET, SHOULD, STARTSWITH, STRING, WHEN]

    $end        reduce using rule 78 (number)
    '$'         reduce using rule 78 (number)
    '%'         reduce using rule 78 (number)
    ')'         reduce using rule 78 (number)
    '*'         reduce using rule 78 (number)
    '+'         reduce using rule 78 (number)
    '-'         reduce using rule 78 (number)
    '/'         reduce using rule 78 (number)
    '{'         reduce using rule 78 (number)
    AND         reduce using rule 78 (number)
    ASSERT      reduce using rule 78 (number)
    BODY        reduce using rule 78 (number)
    CONTAIN     reduce using rule 78 (number)
    CONTAINS    reduce using rule 78 (number)
    DEBUG       reduce using rule 78 (number)
    END         reduce using rule 78 (number)
    EQUAL       reduce using rule 78 (number)
    EQUALS      reduce using rule 78 (number)
    FLOAT       reduce using rule 78 (number)
    GE          reduce using rule 78 (number)
    GT          reduce using rule 78 (number)
    HEADER      reduce using rule 78 (number)
    HTTP        reduce using rule 78 (number)
    INTEGER     reduce using rule 78 (number)
    INTO        reduce using rule 78 (number)
    LE          reduce using rule 78 (number)
    LT          reduce using rule 78 (number)
    MATCH       reduce using rule 78 (number)
    MATCHES     reduce using rule 78 (number)
    MUST        reduce using rule 78 (number)
    NOTEQUAL    reduce using rule 78 (number)
    NOTEQUALS   reduce using rule 78 (number)
    OR          reduce using rule 78 (number)
    SET         reduce using rule 78 (number)
    SHOULD      reduce using rule 78 (number)
    STARTSWITH  reduce using rule 78 (number)
    STRING      reduce using rule 78 (number)
    WHEN        reduce using rule 78 (number)

state 36 // MUST '$' IDENTIFIER

   44 variable: '$' IDENTIFIER .  [$end, '$', '%', '(', ')', '*', '+', '-', '/', '{', AND, ASSERT, BODY, CONTAIN, CONTAINS, DEBUG, END, EQUAL, EQUALS, FALSE, FLOAT, GE, GT, HEADER, HTTP, INTEGER, INTO, LE, LT, MATCH, MATCHES, MUST, NOTEQUAL, NOTEQUALS, OR, SET, SHOULD, STARTSWITH, STRING, TRUE, WHEN]

    $end        reduce using rule 44 (variable)
    '$'         reduce using rule 44 (variable)
    '%'         reduce using rule 44 (variable)
    '('         reduce using rule 44 (variable)
    ')'         reduce using rule 44 (variable)
    '*'         reduce using rule 44 (variable)
    '+'         reduce using rule 44 (variable)
    '-'         reduce using rule 44 (variable)
    '/'         reduce using rule 44 (variable)
    '{'         reduce using rule 44 (variable)
    AND         reduce using rule 44 (variable)
    ASSERT      reduce using rule 44 (variable)
    BODY        reduce using rule 44 (variable)
    CONTAIN     reduce using rule 44 (variable)
    CONTAINS    reduce using rule 44 (variable)
    DEBUG       reduce using rule 44 (variable)
    END         reduce using rule 44 (variable)
    EQUAL       reduce using rule 44 (variable)
    EQUALS      reduce using rule 44 (variable)
    FALSE       reduce using rule 44 (variable)
    FLOAT       reduce using rule 44 (variable)
    GE          reduce using rule 44 (variable)
    GT          reduce using rule 44 (variable)
    HEADER      reduce using rule 44 (variable)
    HTTP        reduce using rule 44 (variable)
    INTEGER     reduce using rule 44 (variable)
    INTO        reduce using rule 44 (variable)
    LE          reduce using rule 44 (variable)
    LT          reduce using rule 44 (variable)
    MATCH       reduce using rule 44 (variable)
    MATCHES     reduce using rule 44 (variable)
    MUST        reduce using rule 44 (variable)
    NOTEQUAL    reduce using rule 44 (variable)
    NOTEQUALS   reduce using rule 44 (variable)
    OR          reduce using rule 44 (variable)
    SET         reduce using rule 44 (variable)
    SHOULD      reduce using rule 44 (variable)
    STARTSWITH  reduce using rule 44 (variable)
    STRING      reduce using rule 44 (variable)
    TRUE        reduce using rule 44 (variable)
    WHEN        reduce using rule 44 (variable)

state 37 // DEBUG '{' '{'

   43 variable: '{' '{' . IDENTIFIER '}' '}'

    IDENTIFIER  shift, and goto state 38

state 38 // DEBUG '{' '{' IDENTIFIER

   43 variable: '{' '{' IDENTIFIER . '}' '}'

    '}'  shift, and goto state 39

state 39 // DEBUG '{' '{' IDENTIFIER '}'

   43 variable: '{' '{' IDENTIFIER '}' . '}'

    '}'  shift, and goto state 40

state 40 // DEBUG '{' '{' IDENTIFIER '}' '}'

   43 variable: '{' '{' IDENTIFIER '}' '}' .  [$end, '$', '%', '(', ')', '*', '+', '-', '/', '{', AND, ASSERT, BODY, CONTAIN, CONTAINS, DEBUG, END, EQUAL, EQUALS, FALSE, FLOAT, GE, GT, HEADER, HTTP, INTEGER, INTO, LE, LT, MATCH, MATCHES, MUST, NOTEQUAL, NOTEQUALS, OR, SET, SHOULD, STARTSWITH, STRING, TRUE, WHEN]

    $end        reduce using rule 43 (variable)
    '$'         reduce using rule 43 (variable)
    '%'         reduce using rule 43 (variable)
    '('         reduce using rule 43 (variable)
    ')'         reduce using rule 43 (variable)
    '*'         reduce using rule 43 (variable)
    '+'         reduce using rule 43 (variable)
    '-'         reduce using rule 43 (variable)
    '/'         reduce using rule 43 (variable)
    '{'         reduce using rule 43 (variable)
    AND         reduce using rule 43 (variable)
    ASSERT      reduce using rule 43 (variable)
    BODY        reduce using rule 43 (variable)
    CONTAIN     reduce using rule 43 (variable)
    CONTAINS    reduce using rule 43 (variable)
    DEBUG       reduce using rule 43 (variable)
    END         reduce using rule 43 (variable)
    EQUAL       reduce using rule 43 (variable)
    EQUALS      reduce using rule 43 (variable)
    FALSE       reduce using rule 43 (variable)
    FLOAT       reduce using rule 43 (variable)
    GE          reduce using rule 43 (variable)
    GT          reduce using rule 43 (variable)
    HEADER      reduce using rule 43 (variable)
    HTTP        reduce using rule 43 (variable)
    INTEGER     reduce using rule 43 (variable)
    INTO        reduce using rule 43 (variable)
    LE          reduce using rule 43 (variable)
    LT          reduce using rule 43 (variable)
    MATCH       reduce using rule 43 (variable)
    MATCHES     reduce using rule 43 (variable)
    MUST        reduce using rule 43 (variable)
    NOTEQUAL    reduce using rule 43 (variable)
    NOTEQUALS   reduce using rule 43 (variable)
    OR          reduce using rule 43 (variable)
    SET         reduce using rule 43 (variable)
    SHOULD      reduce using rule 43 (variable)
    STARTSWITH  reduce using rule 43 (variable)
    STRING      reduce using rule 43 (variable)
    TRUE        reduce using rule 43 (variable)
    WHEN        reduce using rule 43 (variable)

state 41 // HTTP CONNECT FLOAT BODY FLOAT [$end]

   23 http_command: HTTP http_method any_value http_command_params .  [$end, ASSERT, DEBUG, END, HTTP, INTO, MUST, SET, SHOULD, WHEN]
   26 http_command_params: http_command_params . http_command_param

    $end    reduce using rule 23 (http_command)
    ASSERT  reduce using rule 23 (http_command)
    BODY    shift, and goto state 44
    DEBUG   reduce using rule 23 (http_command)
    END     reduce using rule 23 (http_command)
    HEADER  shift, and goto state 43
    HTTP    reduce using rule 23 (http_command)
    INTO    reduce using rule 23 (http_command)
    MUST    reduce using rule 23 (http_command)
    SET     reduce using rule 23 (http_command)
    SHOULD  reduce using rule 23 (http_command)
    WHEN    reduce using rule 23 (http_command)

    http_command_param  goto state 47

state 42 // HTTP CONNECT FLOAT BODY FLOAT [$end]

   25 http_command_params: http_command_param .  [$end, ASSERT, BODY, DEBUG, END, HEADER, HTTP, INTO, MUST, SET, SHOULD, WHEN]

    $end    reduce using rule 25 (http_command_params)
    ASSERT  reduce using rule 25 (http_command_params)
    BODY    reduce using rule 25 (http_command_params)
    DEBUG   reduce using rule 25 (http_command_params)
    END     reduce using rule 25 (http_command_params)
    HEADER  reduce using rule 25 (http_command_params)
    HTTP    reduce using rule 25 (http_command_params)
    INTO    reduce using rule 25 (http_command_params)
    MUST    reduce using rule 25 (http_command_params)
    SET     reduce using rule 25 (http_command_params)
    SHOULD  reduce using rule 25 (http_command_params)
    WHEN    reduce using rule 25 (http_command_params)

state 43 // HTTP CONNECT FLOAT HEADER

   27 http_command_param: HEADER . any_value

    '$'      shift, and goto state 33
    '{'      shift, and goto state 32
    FLOAT    shift, and goto state 35
    INTEGER  shift, and goto state 34
    STRING   shift, and goto state 29

    any_value  goto state 46
    number     goto state 31
    variable   goto state 30

state 44 // HTTP CONNECT FLOAT BODY

   28 http_command_param: BODY . any_value

    '$'      shift, and goto state 33
    '{'      shift, and goto state 32
    FLOAT    shift, and goto state 35
    INTEGER  shift, and goto state 34
    STRING   shift, and goto state 29

    any_value  goto state 45
    number     goto state 31
    variable   goto state 30

state 45 // HTTP CONNECT FLOAT BODY FLOAT [$end]

   28 http_command_param: BODY any_value .  [$end, ASSERT, BODY, DEBUG, END, HEADER, HTTP, INTO, MUST, SET, SHOULD, WHEN]

    $end    reduce using rule 28 (http_command_param)
    ASSERT  reduce using rule 28 (http_command_param)
    BODY    reduce using rule 28 (http_command_param)
    DEBUG   reduce using rule 28 (http_command_param)
    END     reduce using rule 28 (http_command_param)
    HEADER  reduce using rule 28 (http_command_param)
    HTTP    reduce using rule 28 (http_command_param)
    INTO    reduce using rule 28 (http_command_param)
    MUST    reduce using rule 28 (http_command_param)
    SET     reduce using rule 28 (http_command_param)
    SHOULD  reduce using rule 28 (http_command_param)
    WHEN    reduce using rule 28 (http_command_param)

state 46 // HTTP CONNECT FLOAT HEADER FLOAT [$end]

   27 http_command_param: HEADER any_value .  [$end, ASSERT, BODY, DEBUG, END, HEADER, HTTP, INTO, MUST, SET, SHOULD, WHEN]

    $end    reduce using rule 27 (http_command_param)
    ASSERT  reduce using rule 27 (http_command_param)
    BODY    reduce using rule 27 (http_command_param)
    DEBUG   reduce using rule 27 (http_command_param)
    END     reduce using rule 27 (http_command_param)
    HEADER  reduce using rule 27 (http_command_param)
    HTTP    reduce using rule 27 (http_command_param)
    INTO    reduce using rule 27 (http_command_param)
    MUST    reduce using rule 27 (http_command_param)
    SET     reduce using rule 27 (http_command_param)
    SHOULD  reduce using rule 27 (http_command_param)
    WHEN    reduce using rule 27 (http_command_param)

state 47 // HTTP CONNECT FLOAT BODY FLOAT BODY FLOAT [$end]

   26 http_command_params: http_command_params http_command_param .  [$end, ASSERT, BODY, DEBUG, END, HEADER, HTTP, INTO, MUST, SET, SHOULD, WHEN]

    $end    reduce using rule 26 (http_command_params)
    ASSERT  reduce using rule 26 (http_command_params)
    BODY    reduce using rule 26 (http_command_params)
    DEBUG   reduce using rule 26 (http_command_params)
    END     reduce using rule 26 (http_command_params)
    HEADER  reduce using rule 26 (http_command_params)
    HTTP    reduce using rule 26 (http_command_params)
    INTO    reduce using rule 26 (http_command_params)
    MUST    reduce using rule 26 (http_command_params)
    SET     reduce using rule 26 (http_command_params)
    SHOULD  reduce using rule 26 (http_command_params)
    WHEN    reduce using rule 26 (http_command_params)

state 48 // SET '$' IDENTIFIER ['$']

   21 set_command: SET variable . expr
   22 set_command: SET variable . boolean_exp

    '$'      shift, and goto state 33
    '('      shift, and goto state 52
    '{'      shift, and goto state 32
    FALSE    shift, and goto state 56
    FLOAT    shift, and goto state 35
    INTEGER  shift, and goto state 34
    STRING   shift, and goto state 29
    TRUE     shift, and goto state 55

    any_value    goto state 53
    boolean_exp  goto state 50
    expr         goto state 49
    expr_opr     goto state 54
    number       goto state 31
    true_false   goto state 51
    variable     goto state 30

state 49 // SET '$' IDENTIFIER FLOAT [$end]

   21 set_command: SET variable expr .  [$end, ASSERT, DEBUG, END, HTTP, INTO, MUST, SET, SHOULD, WHEN]
   65 expr_opr: expr . operator expr
   67 expr_opr: expr . operator any_value
   71 expr: expr . '+' expr  // assoc %left, prec 3
   72 expr: expr . '-' expr  // assoc %left, prec 3
   73 expr: expr . '*' expr  // assoc %left, prec 4
   74 expr: expr . '/' expr  // assoc %left, prec 4
   75 expr: expr . '%' expr  // assoc %left, prec 4

    $end        reduce using rule 21 (set_command)
    '%'         shift, and goto state 82
    '*'         shift, and goto state 80
    '+'         shift, and goto state 78
    '-'         shift, and goto state 79
    '/'         shift, and goto state 81
    ASSERT      reduce using rule 21 (set_command)
    CONTAIN     shift, and goto state 66
    CONTAINS    shift, and goto state 65
    DEBUG       reduce using rule 21 (set_command)
    END         reduce using rule 21 (set_command)
    EQUAL       shift, and goto state 58
    EQUALS      shift, and goto state 57
    GE          shift, and goto state 62
    GT          shift, and goto state 61
    HTTP        reduce using rule 21 (set_command)
    INTO        reduce using rule 21 (set_command)
    LE          shift, and goto state 64
    LT          shift, and goto state 63
    MATCH       shift, and goto state 68
    MATCHES     shift, and goto state 69
    MUST        reduce using rule 21 (set_command)
    NOTEQUAL    shift, and goto state 60
    NOTEQUALS   shift, and goto state 59
    SET         reduce using rule 21 (set_command)
    SHOULD      reduce using rule 21 (set_command)
    STARTSWITH  shift, and goto state 67
    WHEN        reduce using rule 21 (set_command)

    operator  goto state 90

state 50 // SET '$' IDENTIFIER FALSE [$end]

   22 set_command: SET variable boolean_exp .  [$end, ASSERT, DEBUG, END, HTTP, INTO, MUST, SET, SHOULD, WHEN]
   68 expr_opr: boolean_exp . AND boolean_exp
   69 expr_opr: boolean_exp . OR boolean_exp

    $end    reduce using rule 22 (set_command)
    AND     shift, and goto state 94
    ASSERT  reduce using rule 22 (set_command)
    DEBUG   reduce using rule 22 (set_command)
    END     reduce using rule 22 (set_command)
    HTTP    reduce using rule 22 (set_command)
    INTO    reduce using rule 22 (set_command)
    MUST    reduce using rule 22 (set_command)
    OR      shift, and goto state 95
    SET     reduce using rule 22 (set_command)
    SHOULD  reduce using rule 22 (set_command)
    WHEN    reduce using rule 22 (set_command)

state 51 // SHOULD FALSE [$end]

   58 boolean_exp: true_false .  [$end, ')', AND, ASSERT, DEBUG, END, HTTP, INTO, MUST, OR, SET, SHOULD, WHEN]

    $end    reduce using rule 58 (boolean_exp)
    ')'     reduce using rule 58 (boolean_exp)
    AND     reduce using rule 58 (boolean_exp)
    ASSERT  reduce using rule 58 (boolean_exp)
    DEBUG   reduce using rule 58 (boolean_exp)
    END     reduce using rule 58 (boolean_exp)
    HTTP    reduce using rule 58 (boolean_exp)
    INTO    reduce using rule 58 (boolean_exp)
    MUST    reduce using rule 58 (boolean_exp)
    OR      reduce using rule 58 (boolean_exp)
    SET     reduce using rule 58 (boolean_exp)
    SHOULD  reduce using rule 58 (boolean_exp)
    WHEN    reduce using rule 58 (boolean_exp)

state 52 // MUST '('

   59 boolean_exp: '(' . boolean_exp ')'
   70 expr: '(' . expr ')'

    '$'      shift, and goto state 33
    '('      shift, and goto state 52
    '{'      shift, and goto state 32
    FALSE    shift, and goto state 56
    FLOAT    shift, and goto state 35
    INTEGER  shift, and goto state 34
    STRING   shift, and goto state 29
    TRUE     shift, and goto state 55

    any_value    goto state 53
    boolean_exp  goto state 88
    expr         goto state 89
    expr_opr     goto state 54
    number       goto state 31
    true_false   goto state 51
    variable     goto state 30

state 53 // ASSERT FLOAT [$end]

   60 boolean_exp: any_value . operator any_value
   61 boolean_exp: any_value . operator true_false
   66 expr_opr: any_value . operator expr
   76 expr: any_value .  [$end, '%', ')', '*', '+', '-', '/', ASSERT, CONTAIN, CONTAINS, DEBUG, END, EQUAL, EQUALS, GE, GT, HTTP, INTO, LE, LT, MATCH, MATCHES, MUST, NOTEQUAL, NOTEQUALS, SET, SHOULD, STARTSWITH, WHEN]

    $end        reduce using rule 76 (expr)
    '%'         reduce using rule 76 (expr)
    ')'         reduce using rule 76 (expr)
    '*'         reduce using rule 76 (expr)
    '+'         reduce using rule 76 (expr)
    '-'         reduce using rule 76 (expr)
    '/'         reduce using rule 76 (expr)
    ASSERT      reduce using rule 76 (expr)
    CONTAIN     shift, and goto state 66
    CONTAINS    shift, and goto state 65
    DEBUG       reduce using rule 76 (expr)
    END         reduce using rule 76 (expr)
    EQUAL       shift, and goto state 58
    EQUALS      shift, and goto state 57
    GE          shift, and goto state 62
    GT          shift, and goto state 61
    HTTP        reduce using rule 76 (expr)
    INTO        reduce using rule 76 (expr)
    LE          shift, and goto state 64
    LT          shift, and goto state 63
    MATCH       shift, and goto state 68
    MATCHES     shift, and goto state 69
    MUST        reduce using rule 76 (expr)
    NOTEQUAL    shift, and goto state 60
    NOTEQUALS   shift, and goto state 59
    SET         reduce using rule 76 (expr)
    SHOULD      reduce using rule 76 (expr)
    STARTSWITH  shift, and goto state 67
    WHEN        reduce using rule 76 (expr)

    operator  goto state 70

    conflict on CONTAIN, shift, and goto state 66, reduce using rule 76
    conflict on CONTAINS, shift, and goto state 65, reduce using rule 76
    conflict on EQUAL, shift, and goto state 58, reduce using rule 76
    conflict on EQUALS, shift, and goto state 57, reduce using rule 76
    conflict on GE, shift, and goto state 62, reduce using rule 76
    conflict on GT, shift, and goto state 61, reduce using rule 76
    conflict on LE, shift, and goto state 64, reduce using rule 76
    conflict on LT, shift, and goto state 63, reduce using rule 76
    conflict on MATCH, shift, and goto state 68, reduce using rule 76
    conflict on MATCHES, shift, and goto state 69, reduce using rule 76
    conflict on NOTEQUAL, shift, and goto state 60, reduce using rule 76
    conflict on NOTEQUALS, shift, and goto state 59, reduce using rule 76
    conflict on STARTSWITH, shift, and goto state 67, reduce using rule 76

state 54 // ASSERT FLOAT CONTAIN FLOAT

   62 boolean_exp: expr_opr .  [$end, ')', AND, ASSERT, DEBUG, END, HTTP, INTO, MUST, OR, SET, SHOULD, WHEN]

    $end    reduce using rule 62 (boolean_exp)
    ')'     reduce using rule 62 (boolean_exp)
    AND     reduce using rule 62 (boolean_exp)
    ASSERT  reduce using rule 62 (boolean_exp)
    DEBUG   reduce using rule 62 (boolean_exp)
    END     reduce using rule 62 (boolean_exp)
    HTTP    reduce using rule 62 (boolean_exp)
    INTO    reduce using rule 62 (boolean_exp)
    MUST    reduce using rule 62 (boolean_exp)
    OR      reduce using rule 62 (boolean_exp)
    SET     reduce using rule 62 (boolean_exp)
    SHOULD  reduce using rule 62 (boolean_exp)
    WHEN    reduce using rule 62 (boolean_exp)

state 55 // ASSERT TRUE

   63 true_false: TRUE .  [$end, ')', AND, ASSERT, DEBUG, END, HTTP, INTO, MUST, OR, SET, SHOULD, WHEN]

    $end    reduce using rule 63 (true_false)
    ')'     reduce using rule 63 (true_false)
    AND     reduce using rule 63 (true_false)
    ASSERT  reduce using rule 63 (true_false)
    DEBUG   reduce using rule 63 (true_false)
    END     reduce using rule 63 (true_false)
    HTTP    reduce using rule 63 (true_false)
    INTO    reduce using rule 63 (true_false)
    MUST    reduce using rule 63 (true_false)
    OR      reduce using rule 63 (true_false)
    SET     reduce using rule 63 (true_false)
    SHOULD  reduce using rule 63 (true_false)
    WHEN    reduce using rule 63 (true_false)

state 56 // SHOULD FALSE

   64 true_false: FALSE .  [$end, ')', AND, ASSERT, DEBUG, END, HTTP, INTO, MUST, OR, SET, SHOULD, WHEN]

    $end    reduce using rule 64 (true_false)
    ')'     reduce using rule 64 (true_false)
    AND     reduce using rule 64 (true_false)
    ASSERT  reduce using rule 64 (true_false)
    DEBUG   reduce using rule 64 (true_false)
    END     reduce using rule 64 (true_false)
    HTTP    reduce using rule 64 (true_false)
    INTO    reduce using rule 64 (true_false)
    MUST    reduce using rule 64 (true_false)
    OR      reduce using rule 64 (true_false)
    SET     reduce using rule 64 (true_false)
    SHOULD  reduce using rule 64 (true_false)
    WHEN    reduce using rule 64 (true_false)

state 57 // ASSERT FLOAT EQUALS

   45 operator: EQUALS .  ['$', '(', '{', FALSE, FLOAT, INTEGER, STRING, TRUE]

    '$'      reduce using rule 45 (operator)
    '('      reduce using rule 45 (operator)
    '{'      reduce using rule 45 (operator)
    FALSE    reduce using rule 45 (operator)
    FLOAT    reduce using rule 45 (operator)
    INTEGER  reduce using rule 45 (operator)
    STRING   reduce using rule 45 (operator)
    TRUE     reduce using rule 45 (operator)

state 58 // ASSERT FLOAT EQUAL

   46 operator: EQUAL .  ['$', '(', '{', FALSE, FLOAT, INTEGER, STRING, TRUE]

    '$'      reduce using rule 46 (operator)
    '('      reduce using rule 46 (operator)
    '{'      reduce using rule 46 (operator)
    FALSE    reduce using rule 46 (operator)
    FLOAT    reduce using rule 46 (operator)
    INTEGER  reduce using rule 46 (operator)
    STRING   reduce using rule 46 (operator)
    TRUE     reduce using rule 46 (operator)

state 59 // ASSERT FLOAT NOTEQUALS

   47 operator: NOTEQUALS .  ['$', '(', '{', FALSE, FLOAT, INTEGER, STRING, TRUE]

    '$'      reduce using rule 47 (operator)
    '('      reduce using rule 47 (operator)
    '{'      reduce using rule 47 (operator)
    FALSE    reduce using rule 47 (operator)
    FLOAT    reduce using rule 47 (operator)
    INTEGER  reduce using rule 47 (operator)
    STRING   reduce using rule 47 (operator)
    TRUE     reduce using rule 47 (operator)

state 60 // ASSERT FLOAT NOTEQUAL

   48 operator: NOTEQUAL .  ['$', '(', '{', FALSE, FLOAT, INTEGER, STRING, TRUE]

    '$'      reduce using rule 48 (operator)
    '('      reduce using rule 48 (operator)
    '{'      reduce using rule 48 (operator)
    FALSE    reduce using rule 48 (operator)
    FLOAT    reduce using rule 48 (operator)
    INTEGER  reduce using rule 48 (operator)
    STRING   reduce using rule 48 (operator)
    TRUE     reduce using rule 48 (operator)

state 61 // ASSERT FLOAT GT

   49 operator: GT .  ['$', '(', '{', FALSE, FLOAT, INTEGER, STRING, TRUE]

    '$'      reduce using rule 49 (operator)
    '('      reduce using rule 49 (operator)
    '{'      reduce using rule 49 (operator)
    FALSE    reduce using rule 49 (operator)
    FLOAT    reduce using rule 49 (operator)
    INTEGER  reduce using rule 49 (operator)
    STRING   reduce using rule 49 (operator)
    TRUE     reduce using rule 49 (operator)

state 62 // ASSERT FLOAT GE

   50 operator: GE .  ['$', '(', '{', FALSE, FLOAT, INTEGER, STRING, TRUE]

    '$'      reduce using rule 50 (operator)
    '('      reduce using rule 50 (operator)
    '{'      reduce using rule 50 (operator)
    FALSE    reduce using rule 50 (operator)
    FLOAT    reduce using rule 50 (operator)
    INTEGER  reduce using rule 50 (operator)
    STRING   reduce using rule 50 (operator)
    TRUE     reduce using rule 50 (operator)

state 63 // ASSERT FLOAT LT

   51 operator: LT .  ['$', '(', '{', FALSE, FLOAT, INTEGER, STRING, TRUE]

    '$'      reduce using rule 51 (operator)
    '('      reduce using rule 51 (operator)
    '{'      reduce using rule 51 (operator)
    FALSE    reduce using rule 51 (operator)
    FLOAT    reduce using rule 51 (operator)
    INTEGER  reduce using rule 51 (operator)
    STRING   reduce using rule 51 (operator)
    TRUE     reduce using rule 51 (operator)

state 64 // ASSERT FLOAT LE

   52 operator: LE .  ['$', '(', '{', FALSE, FLOAT, INTEGER, STRING, TRUE]

    '$'      reduce using rule 52 (operator)
    '('      reduce using rule 52 (operator)
    '{'      reduce using rule 52 (operator)
    FALSE    reduce using rule 52 (operator)
    FLOAT    reduce using rule 52 (operator)
    INTEGER  reduce using rule 52 (operator)
    STRING   reduce using rule 52 (operator)
    TRUE     reduce using rule 52 (operator)

state 65 // ASSERT FLOAT CONTAINS

   53 operator: CONTAINS .  ['$', '(', '{', FALSE, FLOAT, INTEGER, STRING, TRUE]

    '$'      reduce using rule 53 (operator)
    '('      reduce using rule 53 (operator)
    '{'      reduce using rule 53 (operator)
    FALSE    reduce using rule 53 (operator)
    FLOAT    reduce using rule 53 (operator)
    INTEGER  reduce using rule 53 (operator)
    STRING   reduce using rule 53 (operator)
    TRUE     reduce using rule 53 (operator)

state 66 // ASSERT FLOAT CONTAIN

   54 operator: CONTAIN .  ['$', '(', '{', FALSE, FLOAT, INTEGER, STRING, TRUE]

    '$'      reduce using rule 54 (operator)
    '('      reduce using rule 54 (operator)
    '{'      reduce using rule 54 (operator)
    FALSE    reduce using rule 54 (operator)
    FLOAT    reduce using rule 54 (operator)
    INTEGER  reduce using rule 54 (operator)
    STRING   reduce using rule 54 (operator)
    TRUE     reduce using rule 54 (operator)

state 67 // ASSERT FLOAT STARTSWITH

   55 operator: STARTSWITH .  ['$', '(', '{', FALSE, FLOAT, INTEGER, STRING, TRUE]

    '$'      reduce using rule 55 (operator)
    '('      reduce using rule 55 (operator)
    '{'      reduce using rule 55 (operator)
    FALSE    reduce using rule 55 (operator)
    FLOAT    reduce using rule 55 (operator)
    INTEGER  reduce using rule 55 (operator)
    STRING   reduce using rule 55 (operator)
    TRUE     reduce using rule 55 (operator)

state 68 // ASSERT FLOAT MATCH

   56 operator: MATCH .  ['$', '(', '{', FALSE, FLOAT, INTEGER, STRING, TRUE]

    '$'      reduce using rule 56 (operator)
    '('      reduce using rule 56 (operator)
    '{'      reduce using rule 56 (operator)
    FALSE    reduce using rule 56 (operator)
    FLOAT    reduce using rule 56 (operator)
    INTEGER  reduce using rule 56 (operator)
    STRING   reduce using rule 56 (operator)
    TRUE     reduce using rule 56 (operator)

state 69 // ASSERT FLOAT MATCHES

   57 operator: MATCHES .  ['$', '(', '{', FALSE, FLOAT, INTEGER, STRING, TRUE]

    '$'      reduce using rule 57 (operator)
    '('      reduce using rule 57 (operator)
    '{'      reduce using rule 57 (operator)
    FALSE    reduce using rule 57 (operator)
    FLOAT    reduce using rule 57 (operator)
    INTEGER  reduce using rule 57 (operator)
    STRING   reduce using rule 57 (operator)
    TRUE     reduce using rule 57 (operator)

state 70 // ASSERT FLOAT CONTAIN ['$']

   60 boolean_exp: any_value operator . any_value
   61 boolean_exp: any_value operator . true_false
   66 expr_opr: any_value operator . expr

    '$'      shift, and goto state 33
    '('      shift, and goto state 74
    '{'      shift, and goto state 32
    FALSE    shift, and goto state 56
    FLOAT    shift, and goto state 35
    INTEGER  shift, and goto state 34
    STRING   shift, and goto state 29
    TRUE     shift, and goto state 55

    any_value   goto state 71
    expr        goto state 73
    number      goto state 31
    true_false  goto state 72
    variable    goto state 30

state 71 // ASSERT FLOAT CONTAIN FLOAT [$end]

   60 boolean_exp: any_value operator any_value .  [$end, ')', AND, ASSERT, DEBUG, END, HTTP, INTO, MUST, OR, SET, SHOULD, WHEN]
   76 expr: any_value .  [$end, '%', ')', '*', '+', '-', '/', AND, ASSERT, DEBUG, END, HTTP, INTO, MUST, OR, SET, SHOULD, WHEN]

    $end    reduce using rule 60 (boolean_exp)
    '%'     reduce using rule 76 (expr)
    ')'     reduce using rule 60 (boolean_exp)
    '*'     reduce using rule 76 (expr)
    '+'     reduce using rule 76 (expr)
    '-'     reduce using rule 76 (expr)
    '/'     reduce using rule 76 (expr)
    AND     reduce using rule 60 (boolean_exp)
    ASSERT  reduce using rule 60 (boolean_exp)
    DEBUG   reduce using rule 60 (boolean_exp)
    END     reduce using rule 60 (boolean_exp)
    HTTP    reduce using rule 60 (boolean_exp)
    INTO    reduce using rule 60 (boolean_exp)
    MUST    reduce using rule 60 (boolean_exp)
    OR      reduce using rule 60 (boolean_exp)
    SET     reduce using rule 60 (boolean_exp)
    SHOULD  reduce using rule 60 (boolean_exp)
    WHEN    reduce using rule 60 (boolean_exp)
    conflict on $end, reduce using rule 60, reduce using rule 76
    conflict on ')', reduce using rule 60, reduce using rule 76
    conflict on AND, reduce using rule 60, reduce using rule 76
    conflict on ASSERT, reduce using rule 60, reduce using rule 76
    conflict on DEBUG, reduce using rule 60, reduce using rule 76
    conflict on END, reduce using rule 60, reduce using rule 76
    conflict on HTTP, reduce using rule 60, reduce using rule 76
    conflict on INTO, reduce using rule 60, reduce using rule 76
    conflict on MUST, reduce using rule 60, reduce using rule 76
    conflict on OR, reduce using rule 60, reduce using rule 76
    conflict on SET, reduce using rule 60, reduce using rule 76
    conflict on SHOULD, reduce using rule 60, reduce using rule 76
    conflict on WHEN, reduce using rule 60, reduce using rule 76

state 72 // ASSERT FLOAT CONTAIN FALSE [$end]

   61 boolean_exp: any_value operator true_false .  [$end, ')', AND, ASSERT, DEBUG, END, HTTP, INTO, MUST, OR, SET, SHOULD, WHEN]

    $end    reduce using rule 61 (boolean_exp)
    ')'     reduce using rule 61 (boolean_exp)
    AND     reduce using rule 61 (boolean_exp)
    ASSERT  reduce using rule 61 (boolean_exp)
    DEBUG   reduce using rule 61 (boolean_exp)
    END     reduce using rule 61 (boolean_exp)
    HTTP    reduce using rule 61 (boolean_exp)
    INTO    reduce using rule 61 (boolean_exp)
    MUST    reduce using rule 61 (boolean_exp)
    OR      reduce using rule 61 (boolean_exp)
    SET     reduce using rule 61 (boolean_exp)
    SHOULD  reduce using rule 61 (boolean_exp)
    WHEN    reduce using rule 61 (boolean_exp)

state 73 // ASSERT FLOAT CONTAIN FLOAT ['%']

   66 expr_opr: any_value operator expr .  [$end, ')', AND, ASSERT, DEBUG, END, HTTP, INTO, MUST, OR, SET, SHOULD, WHEN]
   71 expr: expr . '+' expr  // assoc %left, prec 3
   72 expr: expr . '-' expr  // assoc %left, prec 3
   73 expr: expr . '*' expr  // assoc %left, prec 4
   74 expr: expr . '/' expr  // assoc %left, prec 4
   75 expr: expr . '%' expr  // assoc %left, prec 4

    $end    reduce using rule 66 (expr_opr)
    '%'     shift, and goto state 82
    ')'     reduce using rule 66 (expr_opr)
    '*'     shift, and goto state 80
    '+'     shift, and goto state 78
    '-'     shift, and goto state 79
    '/'     shift, and goto state 81
    AND     reduce using rule 66 (expr_opr)
    ASSERT  reduce using rule 66 (expr_opr)
    DEBUG   reduce using rule 66 (expr_opr)
    END     reduce using rule 66 (expr_opr)
    HTTP    reduce using rule 66 (expr_opr)
    INTO    reduce using rule 66 (expr_opr)
    MUST    reduce using rule 66 (expr_opr)
    OR      reduce using rule 66 (expr_opr)
    SET     reduce using rule 66 (expr_opr)
    SHOULD  reduce using rule 66 (expr_opr)
    WHEN    reduce using rule 66 (expr_opr)

state 74 // ASSERT FLOAT CONTAIN '('

   70 expr: '(' . expr ')'

    '$'      shift, and goto state 33
    '('      shift, and goto state 74
    '{'      shift, and goto state 32
    FLOAT    shift, and goto state 35
    INTEGER  shift, and goto state 34
    STRING   shift, and goto state 29

    any_value  goto state 76
    expr       goto state 75
    number     goto state 31
    variable   goto state 30

state 75 // ASSERT FLOAT CONTAIN '(' FLOAT ['%']

   70 expr: '(' expr . ')'
   71 expr: expr . '+' expr  // assoc %left, prec 3
   72 expr: expr . '-' expr  // assoc %left, prec 3
   73 expr: expr . '*' expr  // assoc %left, prec 4
   74 expr: expr . '/' expr  // assoc %left, prec 4
   75 expr: expr . '%' expr  // assoc %left, prec 4

    '%'  shift, and goto state 82
    ')'  shift, and goto state 77
    '*'  shift, and goto state 80
    '+'  shift, and goto state 78
    '-'  shift, and goto state 79
    '/'  shift, and goto state 81

state 76 // ASSERT FLOAT '+' FLOAT [$end]

   76 expr: any_value .  [$end, '%', ')', '*', '+', '-', '/', AND, ASSERT, CONTAIN, CONTAINS, DEBUG, END, EQUAL, EQUALS, GE, GT, HTTP, INTO, LE, LT, MATCH, MATCHES, MUST, NOTEQUAL, NOTEQUALS, OR, SET, SHOULD, STARTSWITH, WHEN]

    $end        reduce using rule 76 (expr)
    '%'         reduce using rule 76 (expr)
    ')'         reduce using rule 76 (expr)
    '*'         reduce using rule 76 (expr)
    '+'         reduce using rule 76 (expr)
    '-'         reduce using rule 76 (expr)
    '/'         reduce using rule 76 (expr)
    AND         reduce using rule 76 (expr)
    ASSERT      reduce using rule 76 (expr)
    CONTAIN     reduce using rule 76 (expr)
    CONTAINS    reduce using rule 76 (expr)
    DEBUG       reduce using rule 76 (expr)
    END         reduce using rule 76 (expr)
    EQUAL       reduce using rule 76 (expr)
    EQUALS      reduce using rule 76 (expr)
    GE          reduce using rule 76 (expr)
    GT          reduce using rule 76 (expr)
    HTTP        reduce using rule 76 (expr)
    INTO        reduce using rule 76 (expr)
    LE          reduce using rule 76 (expr)
    LT          reduce using rule 76 (expr)
    MATCH       reduce using rule 76 (expr)
    MATCHES     reduce using rule 76 (expr)
    MUST        reduce using rule 76 (expr)
    NOTEQUAL    reduce using rule 76 (expr)
    NOTEQUALS   reduce using rule 76 (expr)
    OR          reduce using rule 76 (expr)
    SET         reduce using rule 76 (expr)
    SHOULD      reduce using rule 76 (expr)
    STARTSWITH  reduce using rule 76 (expr)
    WHEN        reduce using rule 76 (expr)

state 77 // MUST '(' FLOAT ')'

   70 expr: '(' expr ')' .  [$end, '%', ')', '*', '+', '-', '/', AND, ASSERT, CONTAIN, CONTAINS, DEBUG, END, EQUAL, EQUALS, GE, GT, HTTP, INTO, LE, LT, MATCH, MATCHES, MUST, NOTEQUAL, NOTEQUALS, OR, SET, SHOULD, STARTSWITH, WHEN]

    $end        reduce using rule 70 (expr)
    '%'         reduce using rule 70 (expr)
    ')'         reduce using rule 70 (expr)
    '*'         reduce using rule 70 (expr)
    '+'         reduce using rule 70 (expr)
    '-'         reduce using rule 70 (expr)
    '/'         reduce using rule 70 (expr)
    AND         reduce using rule 70 (expr)
    ASSERT      reduce using rule 70 (expr)
    CONTAIN     reduce using rule 70 (expr)
    CONTAINS    reduce using rule 70 (expr)
    DEBUG       reduce using rule 70 (expr)
    END         reduce using rule 70 (expr)
    EQUAL       reduce using rule 70 (expr)
    EQUALS      reduce using rule 70 (expr)
    GE          reduce using rule 70 (expr)
    GT          reduce using rule 70 (expr)
    HTTP        reduce using rule 70 (expr)
    INTO        reduce using rule 70 (expr)
    LE          reduce using rule 70 (expr)
    LT          reduce using rule 70 (expr)
    MATCH       reduce using rule 70 (expr)
    MATCHES     reduce using rule 70 (expr)
    MUST        reduce using rule 70 (expr)
    NOTEQUAL    reduce using rule 70 (expr)
    NOTEQUALS   reduce using rule 70 (expr)
    OR          reduce using rule 70 (expr)
    SET         reduce using rule 70 (expr)
    SHOULD      reduce using rule 70 (expr)
    STARTSWITH  reduce using rule 70 (expr)
    WHEN        reduce using rule 70 (expr)

state 78 // ASSERT FLOAT '+'

   71 expr: expr '+' . expr  // assoc %left, prec 3

    '$'      shift, and goto state 33
    '('      shift, and goto state 74
    '{'      shift, and goto state 32
    FLOAT    shift, and goto state 35
    INTEGER  shift, and goto state 34
    STRING   shift, and goto state 29

    any_value  goto state 76
    expr       goto state 87
    number     goto state 31
    variable   goto state 30

state 79 // ASSERT FLOAT '-'

   72 expr: expr '-' . expr  // assoc %left, prec 3

    '$'      shift, and goto state 33
    '('      shift, and goto state 74
    '{'      shift, and goto state 32
    FLOAT    shift, and goto state 35
    INTEGER  shift, and goto state 34
    STRING   shift, and goto state 29

    any_value  goto state 76
    expr       goto state 86
    number     goto state 31
    variable   goto state 30

state 80 // ASSERT FLOAT '*'

   73 expr: expr '*' . expr  // assoc %left, prec 4

    '$'      shift, and goto state 33
    '('      shift, and goto state 74
    '{'      shift, and goto state 32
    FLOAT    shift, and goto state 35
    INTEGER  shift, and goto state 34
    STRING   shift, and goto state 29

    any_value  goto state 76
    expr       goto state 85
    number     goto state 31
    variable   goto state 30

state 81 // ASSERT FLOAT '/'

   74 expr: expr '/' . expr  // assoc %left, prec 4

    '$'      shift, and goto state 33
    '('      shift, and goto state 74
    '{'      shift, and goto state 32
    FLOAT    shift, and goto state 35
    INTEGER  shift, and goto state 34
    STRING   shift, and goto state 29

    any_value  goto state 76
    expr       goto state 84
    number     goto state 31
    variable   goto state 30

state 82 // ASSERT FLOAT '%'

   75 expr: expr '%' . expr  // assoc %left, prec 4

    '$'      shift, and goto state 33
    '('      shift, and goto state 74
    '{'      shift, and goto state 32
    FLOAT    shift, and goto state 35
    INTEGER  shift, and goto state 34
    STRING   shift, and goto state 29

    any_value  goto state 76
    expr       goto state 83
    number     goto state 31
    variable   goto state 30

state 83 // ASSERT FLOAT '%' FLOAT [$end]

   71 expr: expr . '+' expr  // assoc %left, prec 3
   72 expr: expr . '-' expr  // assoc %left, prec 3
   73 expr: expr . '*' expr  // assoc %left, prec 4
   74 expr: expr . '/' expr  // assoc %left, prec 4
   75 expr: expr . '%' expr  // assoc %left, prec 4
   75 expr: expr '%' expr .  [$end, '%', ')', '*', '+', '-', '/', AND, ASSERT, CONTAIN, CONTAINS, DEBUG, END, EQUAL, EQUALS, GE, GT, HTTP, INTO, LE, LT, MATCH, MATCHES, MUST, NOTEQUAL, NOTEQUALS, OR, SET, SHOULD, STARTSWITH, WHEN]  // assoc %left, prec 4

    $end        reduce using rule 75 (expr)
    '%'         reduce using rule 75 (expr)
    ')'         reduce using rule 75 (expr)
    '*'         reduce using rule 75 (expr)
    '+'         reduce using rule 75 (expr)
    '-'         reduce using rule 75 (expr)
    '/'         reduce using rule 75 (expr)
    AND         reduce using rule 75 (expr)
    ASSERT      reduce using rule 75 (expr)
    CONTAIN     reduce using rule 75 (expr)
    CONTAINS    reduce using rule 75 (expr)
    DEBUG       reduce using rule 75 (expr)
    END         reduce using rule 75 (expr)
    EQUAL       reduce using rule 75 (expr)
    EQUALS      reduce using rule 75 (expr)
    GE          reduce using rule 75 (expr)
    GT          reduce using rule 75 (expr)
    HTTP        reduce using rule 75 (expr)
    INTO        reduce using rule 75 (expr)
    LE          reduce using rule 75 (expr)
    LT          reduce using rule 75 (expr)
    MATCH       reduce using rule 75 (expr)
    MATCHES     reduce using rule 75 (expr)
    MUST        reduce using rule 75 (expr)
    NOTEQUAL    reduce using rule 75 (expr)
    NOTEQUALS   reduce using rule 75 (expr)
    OR          reduce using rule 75 (expr)
    SET         reduce using rule 75 (expr)
    SHOULD      reduce using rule 75 (expr)
    STARTSWITH  reduce using rule 75 (expr)
    WHEN        reduce using rule 75 (expr)

state 84 // ASSERT FLOAT '/' FLOAT [$end]

   71 expr: expr . '+' expr  // assoc %left, prec 3
   72 expr: expr . '-' expr  // assoc %left, prec 3
   73 expr: expr . '*' expr  // assoc %left, prec 4
   74 expr: expr . '/' expr  // assoc %left, prec 4
   74 expr: expr '/' expr .  [$end, '%', ')', '*', '+', '-', '/', AND, ASSERT, CONTAIN, CONTAINS, DEBUG, END, EQUAL, EQUALS, GE, GT, HTTP, INTO, LE, LT, MATCH, MATCHES, MUST, NOTEQUAL, NOTEQUALS, OR, SET, SHOULD, STARTSWITH, WHEN]  // assoc %left, prec 4
   75 expr: expr . '%' expr  // assoc %left, prec 4

    $end        reduce using rule 74 (expr)
    '%'         reduce using rule 74 (expr)
    ')'         reduce using rule 74 (expr)
    '*'         reduce using rule 74 (expr)
    '+'         reduce using rule 74 (expr)
    '-'         reduce using rule 74 (expr)
    '/'         reduce using rule 74 (expr)
    AND         reduce using rule 74 (expr)
    ASSERT      reduce using rule 74 (expr)
    CONTAIN     reduce using rule 74 (expr)
    CONTAINS    reduce using rule 74 (expr)
    DEBUG       reduce using rule 74 (expr)
    END         reduce using rule 74 (expr)
    EQUAL       reduce using rule 74 (expr)
    EQUALS      reduce using rule 74 (expr)
    GE          reduce using rule 74 (expr)
    GT          reduce using rule 74 (expr)
    HTTP        reduce using rule 74 (expr)
    INTO        reduce using rule 74 (expr)
    LE          reduce using rule 74 (expr)
    LT          reduce using rule 74 (expr)
    MATCH       reduce using rule 74 (expr)
    MATCHES     reduce using rule 74 (expr)
    MUST        reduce using rule 74 (expr)
    NOTEQUAL    reduce using rule 74 (expr)
    NOTEQUALS   reduce using rule 74 (expr)
    OR          reduce using rule 74 (expr)
    SET         reduce using rule 74 (expr)
    SHOULD      reduce using rule 74 (expr)
    STARTSWITH  reduce using rule 74 (expr)
    WHEN        reduce using rule 74 (expr)

state 85 // ASSERT FLOAT '*' FLOAT [$end]

   71 expr: expr . '+' expr  // assoc %left, prec 3
   72 expr: expr . '-' expr  // assoc %left, prec 3
   73 expr: expr . '*' expr  // assoc %left, prec 4
   73 expr: expr '*' expr .  [$end, '%', ')', '*', '+', '-', '/', AND, ASSERT, CONTAIN, CONTAINS, DEBUG, END, EQUAL, EQUALS, GE, GT, HTTP, INTO, LE, LT, MATCH, MATCHES, MUST, NOTEQUAL, NOTEQUALS, OR, SET, SHOULD, STARTSWITH, WHEN]  // assoc %left, prec 4
   74 expr: expr . '/' expr  // assoc %left, prec 4
   75 expr: expr . '%' expr  // assoc %left, prec 4

    $end        reduce using rule 73 (expr)
    '%'         reduce using rule 73 (expr)
    ')'         reduce using rule 73 (expr)
    '*'         reduce using rule 73 (expr)
    '+'         reduce using rule 73 (expr)
    '-'         reduce using rule 73 (expr)
    '/'         reduce using rule 73 (expr)
    AND         reduce using rule 73 (expr)
    ASSERT      reduce using rule 73 (expr)
    CONTAIN     reduce using rule 73 (expr)
    CONTAINS    reduce using rule 73 (expr)
    DEBUG       reduce using rule 73 (expr)
    END         reduce using rule 73 (expr)
    EQUAL       reduce using rule 73 (expr)
    EQUALS      reduce using rule 73 (expr)
    GE          reduce using rule 73 (expr)
    GT          reduce using rule 73 (expr)
    HTTP        reduce using rule 73 (expr)
    INTO        reduce using rule 73 (expr)
    LE          reduce using rule 73 (expr)
    LT          reduce using rule 73 (expr)
    MATCH       reduce using rule 73 (expr)
    MATCHES     reduce using rule 73 (expr)
    MUST        reduce using rule 73 (expr)
    NOTEQUAL    reduce using rule 73 (expr)
    NOTEQUALS   reduce using rule 73 (expr)
    OR          reduce using rule 73 (expr)
    SET         reduce using rule 73 (expr)
    SHOULD      reduce using rule 73 (expr)
    STARTSWITH  reduce using rule 73 (expr)
    WHEN        reduce using rule 73 (expr)

state 86 // ASSERT FLOAT '-' FLOAT [$end]

   71 expr: expr . '+' expr  // assoc %left, prec 3
   72 expr: expr . '-' expr  // assoc %left, prec 3
   72 expr: expr '-' expr .  [$end, ')', '+', '-', AND, ASSERT, CONTAIN, CONTAINS, DEBUG, END, EQUAL, EQUALS, GE, GT, HTTP, INTO, LE, LT, MATCH, MATCHES, MUST, NOTEQUAL, NOTEQUALS, OR, SET, SHOULD, STARTSWITH, WHEN]  // assoc %left, prec 3
   73 expr: expr . '*' expr  // assoc %left, prec 4
   74 expr: expr . '/' expr  // assoc %left, prec 4
   75 expr: expr . '%' expr  // assoc %left, prec 4

    $end        reduce using rule 72 (expr)
    '%'         shift, and goto state 82
    ')'         reduce using rule 72 (expr)
    '*'         shift, and goto state 80
    '+'         reduce using rule 72 (expr)
    '-'         reduce using rule 72 (expr)
    '/'         shift, and goto state 81
    AND         reduce using rule 72 (expr)
    ASSERT      reduce using rule 72 (expr)
    CONTAIN     reduce using rule 72 (expr)
    CONTAINS    reduce using rule 72 (expr)
    DEBUG       reduce using rule 72 (expr)
    END         reduce using rule 72 (expr)
    EQUAL       reduce using rule 72 (expr)
    EQUALS      reduce using rule 72 (expr)
    GE          reduce using rule 72 (expr)
    GT          reduce using rule 72 (expr)
    HTTP        reduce using rule 72 (expr)
    INTO        reduce using rule 72 (expr)
    LE          reduce using rule 72 (expr)
    LT          reduce using rule 72 (expr)
    MATCH       reduce using rule 72 (expr)
    MATCHES     reduce using rule 72 (expr)
    MUST        reduce using rule 72 (expr)
    NOTEQUAL    reduce using rule 72 (expr)
    NOTEQUALS   reduce using rule 72 (expr)
    OR          reduce using rule 72 (expr)
    SET         reduce using rule 72 (expr)
    SHOULD      reduce using rule 72 (expr)
    STARTSWITH  reduce using rule 72 (expr)
    WHEN        reduce using rule 72 (expr)

state 87 // ASSERT FLOAT '+' FLOAT [$end]

   71 expr: expr . '+' expr  // assoc %left, prec 3
   71 expr: expr '+' expr .  [$end, ')', '+', '-', AND, ASSERT, CONTAIN, CONTAINS, DEBUG, END, EQUAL, EQUALS, GE, GT, HTTP, INTO, LE, LT, MATCH, MATCHES, MUST, NOTEQUAL, NOTEQUALS, OR, SET, SHOULD, STARTSWITH, WHEN]  // assoc %left, prec 3
   72 expr: expr . '-' expr  // assoc %left, prec 3
   73 expr: expr . '*' expr  // assoc %left, prec 4
   74 expr: expr . '/' expr  // assoc %left, prec 4
   75 expr: expr . '%' expr  // assoc %left, prec 4

    $end        reduce using rule 71 (expr)
    '%'         shift, and goto state 82
    ')'         reduce using rule 71 (expr)
    '*'         shift, and goto state 80
    '+'         reduce using rule 71 (expr)
    '-'         reduce using rule 71 (expr)
    '/'         shift, and goto state 81
    AND         reduce using rule 71 (expr)
    ASSERT      reduce using rule 71 (expr)
    CONTAIN     reduce using rule 71 (expr)
    CONTAINS    reduce using rule 71 (expr)
    DEBUG       reduce using rule 71 (expr)
    END         reduce using rule 71 (expr)
    EQUAL       reduce using rule 71 (expr)
    EQUALS      reduce using rule 71 (expr)
    GE          reduce using rule 71 (expr)
    GT          reduce using rule 71 (expr)
    HTTP        reduce using rule 71 (expr)
    INTO        reduce using rule 71 (expr)
    LE          reduce using rule 71 (expr)
    LT          reduce using rule 71 (expr)
    MATCH       reduce using rule 71 (expr)
    MATCHES     reduce using rule 71 (expr)
    MUST        reduce using rule 71 (expr)
    NOTEQUAL    reduce using rule 71 (expr)
    NOTEQUALS   reduce using rule 71 (expr)
    OR          reduce using rule 71 (expr)
    SET         reduce using rule 71 (expr)
    SHOULD      reduce using rule 71 (expr)
    STARTSWITH  reduce using rule 71 (expr)
    WHEN        reduce using rule 71 (expr)

state 88 // MUST '(' FALSE [')']

   59 boolean_exp: '(' boolean_exp . ')'
   68 expr_opr: boolean_exp . AND boolean_exp
   69 expr_opr: boolean_exp . OR boolean_exp

    ')'  shift, and goto state 93
    AND  shift, and goto state 94
    OR   shift, and goto state 95

state 89 // MUST '(' FLOAT ['%']

   65 expr_opr: expr . operator expr
   67 expr_opr: expr . operator any_value
   70 expr: '(' expr . ')'
   71 expr: expr . '+' expr  // assoc %left, prec 3
   72 expr: expr . '-' expr  // assoc %left, prec 3
   73 expr: expr . '*' expr  // assoc %left, prec 4
   74 expr: expr . '/' expr  // assoc %left, prec 4
   75 expr: expr . '%' expr  // assoc %left, prec 4

    '%'         shift, and goto state 82
    ')'         shift, and goto state 77
    '*'         shift, and goto state 80
    '+'         shift, and goto state 78
    '-'         shift, and goto state 79
    '/'         shift, and goto state 81
    CONTAIN     shift, and goto state 66
    CONTAINS    shift, and goto state 65
    EQUAL       shift, and goto state 58
    EQUALS      shift, and goto state 57
    GE          shift, and goto state 62
    GT          shift, and goto state 61
    LE          shift, and goto state 64
    LT          shift, and goto state 63
    MATCH       shift, and goto state 68
    MATCHES     shift, and goto state 69
    NOTEQUAL    shift, and goto state 60
    NOTEQUALS   shift, and goto state 59
    STARTSWITH  shift, and goto state 67

    operator  goto state 90

state 90 // ASSERT FLOAT CONTAIN

   65 expr_opr: expr operator . expr
   67 expr_opr: expr operator . any_value

    '$'      shift, and goto state 33
    '('      shift, and goto state 74
    '{'      shift, and goto state 32
    FLOAT    shift, and goto state 35
    INTEGER  shift, and goto state 34
    STRING   shift, and goto state 29

    any_value  goto state 92
    expr       goto state 91
    number     goto state 31
    variable   goto state 30

state 91 // ASSERT FLOAT CONTAIN FLOAT

   65 expr_opr: expr operator expr .  [$end, ')', AND, ASSERT, DEBUG, END, HTTP, INTO, MUST, OR, SET, SHOULD, WHEN]
   71 expr: expr . '+' expr  // assoc %left, prec 3
   72 expr: expr . '-' expr  // assoc %left, prec 3
   73 expr: expr . '*' expr  // assoc %left, prec 4
   74 expr: expr . '/' expr  // assoc %left, prec 4
   75 expr: expr . '%' expr  // assoc %left, prec 4

    $end    reduce using rule 65 (expr_opr)
    '%'     shift, and goto state 82
    ')'     reduce using rule 65 (expr_opr)
    '*'     shift, and goto state 80
    '+'     shift, and goto state 78
    '-'     shift, and goto state 79
    '/'     shift, and goto state 81
    AND     reduce using rule 65 (expr_opr)
    ASSERT  reduce using rule 65 (expr_opr)
    DEBUG   reduce using rule 65 (expr_opr)
    END     reduce using rule 65 (expr_opr)
    HTTP    reduce using rule 65 (expr_opr)
    INTO    reduce using rule 65 (expr_opr)
    MUST    reduce using rule 65 (expr_opr)
    OR      reduce using rule 65 (expr_opr)
    SET     reduce using rule 65 (expr_opr)
    SHOULD  reduce using rule 65 (expr_opr)
    WHEN    reduce using rule 65 (expr_opr)

state 92 // ASSERT FLOAT CONTAIN FLOAT

   67 expr_opr: expr operator any_value .  [$end, ')', AND, ASSERT, DEBUG, END, HTTP, INTO, MUST, OR, SET, SHOULD, WHEN]
   76 expr: any_value .  [$end, '%', ')', '*', '+', '-', '/', AND, ASSERT, DEBUG, END, HTTP, INTO, MUST, OR, SET, SHOULD, WHEN]

    $end    reduce using rule 67 (expr_opr)
    '%'     reduce using rule 76 (expr)
    ')'     reduce using rule 67 (expr_opr)
    '*'     reduce using rule 76 (expr)
    '+'     reduce using rule 76 (expr)
    '-'     reduce using rule 76 (expr)
    '/'     reduce using rule 76 (expr)
    AND     reduce using rule 67 (expr_opr)
    ASSERT  reduce using rule 67 (expr_opr)
    DEBUG   reduce using rule 67 (expr_opr)
    END     reduce using rule 67 (expr_opr)
    HTTP    reduce using rule 67 (expr_opr)
    INTO    reduce using rule 67 (expr_opr)
    MUST    reduce using rule 67 (expr_opr)
    OR      reduce using rule 67 (expr_opr)
    SET     reduce using rule 67 (expr_opr)
    SHOULD  reduce using rule 67 (expr_opr)
    WHEN    reduce using rule 67 (expr_opr)
    conflict on $end, reduce using rule 67, reduce using rule 76
    conflict on ')', reduce using rule 67, reduce using rule 76
    conflict on AND, reduce using rule 67, reduce using rule 76
    conflict on ASSERT, reduce using rule 67, reduce using rule 76
    conflict on DEBUG, reduce using rule 67, reduce using rule 76
    conflict on END, reduce using rule 67, reduce using rule 76
    conflict on HTTP, reduce using rule 67, reduce using rule 76
    conflict on INTO, reduce using rule 67, reduce using rule 76
    conflict on MUST, reduce using rule 67, reduce using rule 76
    conflict on OR, reduce using rule 67, reduce using rule 76
    conflict on SET, reduce using rule 67, reduce using rule 76
    conflict on SHOULD, reduce using rule 67, reduce using rule 76
    conflict on WHEN, reduce using rule 67, reduce using rule 76

state 93 // MUST '(' FALSE ')'

   59 boolean_exp: '(' boolean_exp ')' .  [$end, ')', AND, ASSERT, DEBUG, END, HTTP, INTO, MUST, OR, SET, SHOULD, WHEN]

    $end    reduce using rule 59 (boolean_exp)
    ')'     reduce using rule 59 (boolean_exp)
    AND     reduce using rule 59 (boolean_exp)
    ASSERT  reduce using rule 59 (boolean_exp)
    DEBUG   reduce using rule 59 (boolean_exp)
    END     reduce using rule 59 (boolean_exp)
    HTTP    reduce using rule 59 (boolean_exp)
    INTO    reduce using rule 59 (boolean_exp)
    MUST    reduce using rule 59 (boolean_exp)
    OR      reduce using rule 59 (boolean_exp)
    SET     reduce using rule 59 (boolean_exp)
    SHOULD  reduce using rule 59 (boolean_exp)
    WHEN    reduce using rule 59 (boolean_exp)

state 94 // SHOULD FALSE AND

   68 expr_opr: boolean_exp AND . boolean_exp

    '$'      shift, and goto state 33
    '('      shift, and goto state 52
    '{'      shift, and goto state 32
    FALSE    shift, and goto state 56
    FLOAT    shift, and goto state 35
    INTEGER  shift, and goto state 34
    STRING   shift, and goto state 29
    TRUE     shift, and goto state 55

    any_value    goto state 53
    boolean_exp  goto state 98
    expr         goto state 96
    expr_opr     goto state 54
    number       goto state 31
    true_false   goto state 51
    variable     goto state 30

state 95 // END FALSE OR

   69 expr_opr: boolean_exp OR . boolean_exp

    '$'      shift, and goto state 33
    '('      shift, and goto state 52
    '{'      shift, and goto state 32
    FALSE    shift, and goto state 56
    FLOAT    shift, and goto state 35
    INTEGER  shift, and goto state 34
    STRING   shift, and goto state 29
    TRUE     shift, and goto state 55

    any_value    goto state 53
    boolean_exp  goto state 97
    expr         goto state 96
    expr_opr     goto state 54
    number       goto state 31
    true_false   goto state 51
    variable     goto state 30

state 96 // ASSERT FLOAT ['%']

   65 expr_opr: expr . operator expr
   67 expr_opr: expr . operator any_value
   71 expr: expr . '+' expr  // assoc %left, prec 3
   72 expr: expr . '-' expr  // assoc %left, prec 3
   73 expr: expr . '*' expr  // assoc %left, prec 4
   74 expr: expr . '/' expr  // assoc %left, prec 4
   75 expr: expr . '%' expr  // assoc %left, prec 4

    '%'         shift, and goto state 82
    '*'         shift, and goto state 80
    '+'         shift, and goto state 78
    '-'         shift, and goto state 79
    '/'         shift, and goto state 81
    CONTAIN     shift, and goto state 66
    CONTAINS    shift, and goto state 65
    EQUAL       shift, and goto state 58
    EQUALS      shift, and goto state 57
    GE          shift, and goto state 62
    GT          shift, and goto state 61
    LE          shift, and goto state 64
    LT          shift, and goto state 63
    MATCH       shift, and goto state 68
    MATCHES     shift, and goto state 69
    NOTEQUAL    shift, and goto state 60
    NOTEQUALS   shift, and goto state 59
    STARTSWITH  shift, and goto state 67

    operator  goto state 90

state 97 // END FALSE OR FALSE [$end]

   68 expr_opr: boolean_exp . AND boolean_exp
   69 expr_opr: boolean_exp . OR boolean_exp
   69 expr_opr: boolean_exp OR boolean_exp .  [$end, ')', AND, ASSERT, DEBUG, END, HTTP, INTO, MUST, OR, SET, SHOULD, WHEN]

    $end    reduce using rule 69 (expr_opr)
    ')'     reduce using rule 69 (expr_opr)
    AND     shift, and goto state 94
    ASSERT  reduce using rule 69 (expr_opr)
    DEBUG   reduce using rule 69 (expr_opr)
    END     reduce using rule 69 (expr_opr)
    HTTP    reduce using rule 69 (expr_opr)
    INTO    reduce using rule 69 (expr_opr)
    MUST    reduce using rule 69 (expr_opr)
    OR      shift, and goto state 95
    SET     reduce using rule 69 (expr_opr)
    SHOULD  reduce using rule 69 (expr_opr)
    WHEN    reduce using rule 69 (expr_opr)
    conflict on AND, shift, and goto state 94, reduce using rule 69
    conflict on OR, shift, and goto state 95, reduce using rule 69

state 98 // SHOULD FALSE AND FALSE [$end]

   68 expr_opr: boolean_exp . AND boolean_exp
   68 expr_opr: boolean_exp AND boolean_exp .  [$end, ')', AND, ASSERT, DEBUG, END, HTTP, INTO, MUST, OR, SET, SHOULD, WHEN]
   69 expr_opr: boolean_exp . OR boolean_exp

    $end    reduce using rule 68 (expr_opr)
    ')'     reduce using rule 68 (expr_opr)
    AND     shift, and goto state 94
    ASSERT  reduce using rule 68 (expr_opr)
    DEBUG   reduce using rule 68 (expr_opr)
    END     reduce using rule 68 (expr_opr)
    HTTP    reduce using rule 68 (expr_opr)
    INTO    reduce using rule 68 (expr_opr)
    MUST    reduce using rule 68 (expr_opr)
    OR      shift, and goto state 95
    SET     reduce using rule 68 (expr_opr)
    SHOULD  reduce using rule 68 (expr_opr)
    WHEN    reduce using rule 68 (expr_opr)
    conflict on AND, shift, and goto state 94, reduce using rule 68
    conflict on OR, shift, and goto state 95, reduce using rule 68

state 99 // SHOULD FALSE [$end]

   20 should_command: SHOULD boolean_exp .  [$end, ASSERT, DEBUG, END, HTTP, INTO, MUST, SET, SHOULD, WHEN]
   68 expr_opr: boolean_exp . AND boolean_exp
   69 expr_opr: boolean_exp . OR boolean_exp

    $end    reduce using rule 20 (should_command)
    AND     shift, and goto state 94
    ASSERT  reduce using rule 20 (should_command)
    DEBUG   reduce using rule 20 (should_command)
    END     reduce using rule 20 (should_command)
    HTTP    reduce using rule 20 (should_command)
    INTO    reduce using rule 20 (should_command)
    MUST    reduce using rule 20 (should_command)
    OR      shift, and goto state 95
    SET     reduce using rule 20 (should_command)
    SHOULD  reduce using rule 20 (should_command)
    WHEN    reduce using rule 20 (should_command)

state 100 // MUST FALSE [$end]

   19 must_command: MUST boolean_exp .  [$end, ASSERT, DEBUG, END, HTTP, INTO, MUST, SET, SHOULD, WHEN]
   68 expr_opr: boolean_exp . AND boolean_exp
   69 expr_opr: boolean_exp . OR boolean_exp

    $end    reduce using rule 19 (must_command)
    AND     shift, and goto state 94
    ASSERT  reduce using rule 19 (must_command)
    DEBUG   reduce using rule 19 (must_command)
    END     reduce using rule 19 (must_command)
    HTTP    reduce using rule 19 (must_command)
    INTO    reduce using rule 19 (must_command)
    MUST    reduce using rule 19 (must_command)
    OR      shift, and goto state 95
    SET     reduce using rule 19 (must_command)
    SHOULD  reduce using rule 19 (must_command)
    WHEN    reduce using rule 19 (must_command)

state 101 // ASSERT FALSE [$end]

   18 assert_command: ASSERT boolean_exp .  [$end, ASSERT, DEBUG, END, HTTP, INTO, MUST, SET, SHOULD, WHEN]
   68 expr_opr: boolean_exp . AND boolean_exp
   69 expr_opr: boolean_exp . OR boolean_exp

    $end    reduce using rule 18 (assert_command)
    AND     shift, and goto state 94
    ASSERT  reduce using rule 18 (assert_command)
    DEBUG   reduce using rule 18 (assert_command)
    END     reduce using rule 18 (assert_command)
    HTTP    reduce using rule 18 (assert_command)
    INTO    reduce using rule 18 (assert_command)
    MUST    reduce using rule 18 (assert_command)
    OR      shift, and goto state 95
    SET     reduce using rule 18 (assert_command)
    SHOULD  reduce using rule 18 (assert_command)
    WHEN    reduce using rule 18 (assert_command)

state 102 // END WHEN

   15 end_command: END WHEN . boolean_exp

    '$'      shift, and goto state 33
    '('      shift, and goto state 52
    '{'      shift, and goto state 32
    FALSE    shift, and goto state 56
    FLOAT    shift, and goto state 35
    INTEGER  shift, and goto state 34
    STRING   shift, and goto state 29
    TRUE     shift, and goto state 55

    any_value    goto state 53
    boolean_exp  goto state 104
    expr         goto state 96
    expr_opr     goto state 54
    number       goto state 31
    true_false   goto state 51
    variable     goto state 30

state 103 // END FALSE [$end]

   16 end_command: END boolean_exp .  [$end, ASSERT, DEBUG, END, HTTP, INTO, MUST, SET, SHOULD, WHEN]
   68 expr_opr: boolean_exp . AND boolean_exp
   69 expr_opr: boolean_exp . OR boolean_exp

    $end    reduce using rule 16 (end_command)
    AND     shift, and goto state 94
    ASSERT  reduce using rule 16 (end_command)
    DEBUG   reduce using rule 16 (end_command)
    END     reduce using rule 16 (end_command)
    HTTP    reduce using rule 16 (end_command)
    INTO    reduce using rule 16 (end_command)
    MUST    reduce using rule 16 (end_command)
    OR      shift, and goto state 95
    SET     reduce using rule 16 (end_command)
    SHOULD  reduce using rule 16 (end_command)
    WHEN    reduce using rule 16 (end_command)

state 104 // END WHEN FALSE [$end]

   15 end_command: END WHEN boolean_exp .  [$end, ASSERT, DEBUG, END, HTTP, INTO, MUST, SET, SHOULD, WHEN]
   68 expr_opr: boolean_exp . AND boolean_exp
   69 expr_opr: boolean_exp . OR boolean_exp

    $end    reduce using rule 15 (end_command)
    AND     shift, and goto state 94
    ASSERT  reduce using rule 15 (end_command)
    DEBUG   reduce using rule 15 (end_command)
    END     reduce using rule 15 (end_command)
    HTTP    reduce using rule 15 (end_command)
    INTO    reduce using rule 15 (end_command)
    MUST    reduce using rule 15 (end_command)
    OR      shift, and goto state 95
    SET     reduce using rule 15 (end_command)
    SHOULD  reduce using rule 15 (end_command)
    WHEN    reduce using rule 15 (end_command)

state 105 // DEBUG FLOAT [$end]

   14 debug_command: DEBUG multi_any_value .  [$end, ASSERT, DEBUG, END, HTTP, INTO, MUST, SET, SHOULD, WHEN]
   39 multi_any_value: multi_any_value . any_value

    $end     reduce using rule 14 (debug_command)
    '$'      shift, and goto state 33
    '{'      shift, and goto state 32
    ASSERT   reduce using rule 14 (debug_command)
    DEBUG    reduce using rule 14 (debug_command)
    END      reduce using rule 14 (debug_command)
    FLOAT    shift, and goto state 35
    HTTP     reduce using rule 14 (debug_command)
    INTEGER  shift, and goto state 34
    INTO     reduce using rule 14 (debug_command)
    MUST     reduce using rule 14 (debug_command)
    SET      reduce using rule 14 (debug_command)
    SHOULD   reduce using rule 14 (debug_command)
    STRING   shift, and goto state 29
    WHEN     reduce using rule 14 (debug_command)

    any_value  goto state 107
    number     goto state 31
    variable   goto state 30

state 106 // DEBUG FLOAT [$end]

   38 multi_any_value: any_value .  [$end, '$', '{', ASSERT, DEBUG, END, FLOAT, HTTP, INTEGER, INTO, MUST, SET, SHOULD, STRING, WHEN]

    $end     reduce using rule 38 (multi_any_value)
    '$'      reduce using rule 38 (multi_any_value)
    '{'      reduce using rule 38 (multi_any_value)
    ASSERT   reduce using rule 38 (multi_any_value)
    DEBUG    reduce using rule 38 (multi_any_value)
    END      reduce using rule 38 (multi_any_value)
    FLOAT    reduce using rule 38 (multi_any_value)
    HTTP     reduce using rule 38 (multi_any_value)
    INTEGER  reduce using rule 38 (multi_any_value)
    INTO     reduce using rule 38 (multi_any_value)
    MUST     reduce using rule 38 (multi_any_value)
    SET      reduce using rule 38 (multi_any_value)
    SHOULD   reduce using rule 38 (multi_any_value)
    STRING   reduce using rule 38 (multi_any_value)
    WHEN     reduce using rule 38 (multi_any_value)

state 107 // DEBUG FLOAT FLOAT [$end]

   39 multi_any_value: multi_any_value any_value .  [$end, '$', '{', ASSERT, DEBUG, END, FLOAT, HTTP, INTEGER, INTO, MUST, SET, SHOULD, STRING, WHEN]

    $end     reduce using rule 39 (multi_any_value)
    '$'      reduce using rule 39 (multi_any_value)
    '{'      reduce using rule 39 (multi_any_value)
    ASSERT   reduce using rule 39 (multi_any_value)
    DEBUG    reduce using rule 39 (multi_any_value)
    END      reduce using rule 39 (multi_any_value)
    FLOAT    reduce using rule 39 (multi_any_value)
    HTTP     reduce using rule 39 (multi_any_value)
    INTEGER  reduce using rule 39 (multi_any_value)
    INTO     reduce using rule 39 (multi_any_value)
    MUST     reduce using rule 39 (multi_any_value)
    SET      reduce using rule 39 (multi_any_value)
    SHOULD   reduce using rule 39 (multi_any_value)
    STRING   reduce using rule 39 (multi_any_value)
    WHEN     reduce using rule 39 (multi_any_value)

state 108 // END INTO

    3 command_with_condition_opt: command INTO . variable WHEN boolean_exp
    4 command_with_condition_opt: command INTO . variable

    '$'  shift, and goto state 33
    '{'  shift, and goto state 32

    variable  goto state 111

state 109 // END WHEN

    5 command_with_condition_opt: command WHEN . boolean_exp

    '$'      shift, and goto state 33
    '('      shift, and goto state 52
    '{'      shift, and goto state 32
    FALSE    shift, and goto state 56
    FLOAT    shift, and goto state 35
    INTEGER  shift, and goto state 34
    STRING   shift, and goto state 29
    TRUE     shift, and goto state 55

    any_value    goto state 53
    boolean_exp  goto state 110
    expr         goto state 96
    expr_opr     goto state 54
    number       goto state 31
    true_false   goto state 51
    variable     goto state 30

state 110 // END WHEN FALSE

    5 command_with_condition_opt: command WHEN boolean_exp .  [$end, ASSERT, DEBUG, END, HTTP, MUST, SET, SHOULD]
   68 expr_opr: boolean_exp . AND boolean_exp
   69 expr_opr: boolean_exp . OR boolean_exp

    $end    reduce using rule 5 (command_with_condition_opt)
    AND     shift, and goto state 94
    ASSERT  reduce using rule 5 (command_with_condition_opt)
    DEBUG   reduce using rule 5 (command_with_condition_opt)
    END     reduce using rule 5 (command_with_condition_opt)
    HTTP    reduce using rule 5 (command_with_condition_opt)
    MUST    reduce using rule 5 (command_with_condition_opt)
    OR      shift, and goto state 95
    SET     reduce using rule 5 (command_with_condition_opt)
    SHOULD  reduce using rule 5 (command_with_condition_opt)

state 111 // END INTO '$' IDENTIFIER [$end]

    3 command_with_condition_opt: command INTO variable . WHEN boolean_exp
    4 command_with_condition_opt: command INTO variable .  [$end, ASSERT, DEBUG, END, HTTP, MUST, SET, SHOULD]

    $end    reduce using rule 4 (command_with_condition_opt)
    ASSERT  reduce using rule 4 (command_with_condition_opt)
    DEBUG   reduce using rule 4 (command_with_condition_opt)
    END     reduce using rule 4 (command_with_condition_opt)
    HTTP    reduce using rule 4 (command_with_condition_opt)
    MUST    reduce using rule 4 (command_with_condition_opt)
    SET     reduce using rule 4 (command_with_condition_opt)
    SHOULD  reduce using rule 4 (command_with_condition_opt)
    WHEN    shift, and goto state 112

state 112 // END INTO '$' IDENTIFIER WHEN

    3 command_with_condition_opt: command INTO variable WHEN . boolean_exp

    '$'      shift, and goto state 33
    '('      shift, and goto state 52
    '{'      shift, and goto state 32
    FALSE    shift, and goto state 56
    FLOAT    shift, and goto state 35
    INTEGER  shift, and goto state 34
    STRING   shift, and goto state 29
    TRUE     shift, and goto state 55

    any_value    goto state 53
    boolean_exp  goto state 113
    expr         goto state 96
    expr_opr     goto state 54
    number       goto state 31
    true_false   goto state 51
    variable     goto state 30

state 113 // END INTO '$' IDENTIFIER WHEN FALSE [$end]

    3 command_with_condition_opt: command INTO variable WHEN boolean_exp .  [$end, ASSERT, DEBUG, END, HTTP, MUST, SET, SHOULD]
   68 expr_opr: boolean_exp . AND boolean_exp
   69 expr_opr: boolean_exp . OR boolean_exp

    $end    reduce using rule 3 (command_with_condition_opt)
    AND     shift, and goto state 94
    ASSERT  reduce using rule 3 (command_with_condition_opt)
    DEBUG   reduce using rule 3 (command_with_condition_opt)
    END     reduce using rule 3 (command_with_condition_opt)
    HTTP    reduce using rule 3 (command_with_condition_opt)
    MUST    reduce using rule 3 (command_with_condition_opt)
    OR      shift, and goto state 95
    SET     reduce using rule 3 (command_with_condition_opt)
    SHOULD  reduce using rule 3 (command_with_condition_opt)

